[2025-12-17 07:48:45] INFO: [4/9] Collecting ROM/BIOS Info...
[2025-12-17 07:48:45] INFO: [1/9] Collecting CPU Metrics...
[2025-12-17 07:48:46] INFO: [2/9] Collecting Memory Metrics...
[2025-12-17 07:48:47] INFO: [6/9] Collecting Network Metrics (Speed)...
[2025-12-17 07:48:49] INFO: [7/9] Collecting System Info...
[2025-12-17 07:48:49] INFO: [8/9] Collecting Top Processes...
[2025-12-17 07:48:49] INFO: [3/9] Collecting GPU Metrics...
[2025-12-17 07:48:50] INFO: [4/9] Collecting Disk Metrics...
[2025-12-17 07:48:50] INFO: [5/9] Collecting SMART Status...
[2025-12-17 07:48:50] INFO: [9/9] Checking Alerts...
[2025-12-17 07:48:50] WARNING: High Disk Usage: 97%
[2025-12-17 07:53:10] INFO: [4/9] Collecting ROM/BIOS Info...
[2025-12-17 07:53:11] INFO: [1/9] Collecting CPU Metrics...
[2025-12-17 07:53:13] INFO: [2/9] Collecting Memory Metrics...
[2025-12-17 07:53:13] INFO: [6/9] Collecting Network Metrics (Speed)...
[2025-12-17 07:53:14] INFO: [7/9] Collecting System Info...
[2025-12-17 07:53:14] INFO: [8/9] Collecting Top Processes...
[2025-12-17 07:53:15] INFO: [3/9] Collecting GPU Metrics...
[2025-12-17 07:53:15] INFO: [4/9] Collecting Disk Metrics...
[2025-12-17 07:53:15] INFO: [5/9] Collecting SMART Status...
[2025-12-17 07:53:15] INFO: [9/9] Checking Alerts...
[2025-12-17 07:53:15] WARNING: High Disk Usage: 97%
[2025-12-17 07:53:43] INFO: [4/9] Collecting ROM/BIOS Info...
[2025-12-17 07:53:43] INFO: [1/9] Collecting CPU Metrics...
[2025-12-17 07:53:45] INFO: [2/9] Collecting Memory Metrics...
[2025-12-17 07:53:45] INFO: [6/9] Collecting Network Metrics (Speed)...
[2025-12-17 07:53:46] INFO: [7/9] Collecting System Info...
[2025-12-17 07:53:46] INFO: [8/9] Collecting Top Processes...
[2025-12-17 07:53:47] INFO: [3/9] Collecting GPU Metrics...
[2025-12-17 07:53:47] INFO: [4/9] Collecting Disk Metrics...
[2025-12-17 07:53:47] INFO: [5/9] Collecting SMART Status...
[2025-12-17 07:53:47] INFO: [9/9] Checking Alerts...
[2025-12-17 07:53:47] WARNING: High Disk Usage: 97%
[2025-12-17 07:53:53] INFO: [4/9] Collecting ROM/BIOS Info...
[2025-12-17 07:53:54] INFO: [1/9] Collecting CPU Metrics...
[2025-12-17 07:53:56] INFO: [2/9] Collecting Memory Metrics...
[2025-12-17 07:53:56] INFO: [6/9] Collecting Network Metrics (Speed)...
[2025-12-17 07:53:57] INFO: [7/9] Collecting System Info...
[2025-12-17 07:53:57] INFO: [8/9] Collecting Top Processes...
[2025-12-17 07:53:58] INFO: [3/9] Collecting GPU Metrics...
[2025-12-17 07:53:58] INFO: [4/9] Collecting Disk Metrics...
[2025-12-17 07:53:58] INFO: [5/9] Collecting SMART Status...
[2025-12-17 07:53:58] INFO: [9/9] Checking Alerts...
[2025-12-17 07:53:58] WARNING: High Disk Usage: 97%
[2025-12-17 07:54:05] INFO: [4/9] Collecting ROM/BIOS Info...
[2025-12-17 07:54:05] INFO: [1/9] Collecting CPU Metrics...
[2025-12-17 07:54:07] INFO: [2/9] Collecting Memory Metrics...
[2025-12-17 07:54:07] INFO: [6/9] Collecting Network Metrics (Speed)...
[2025-12-17 07:54:08] INFO: [7/9] Collecting System Info...
[2025-12-17 07:54:09] INFO: [8/9] Collecting Top Processes...
[2025-12-17 07:54:09] INFO: [3/9] Collecting GPU Metrics...
[2025-12-17 07:54:09] INFO: [4/9] Collecting Disk Metrics...
[2025-12-17 07:54:09] INFO: [5/9] Collecting SMART Status...
[2025-12-17 07:54:09] INFO: [9/9] Checking Alerts...
[2025-12-17 07:54:09] WARNING: High Disk Usage: 97%
[2025-12-17 07:54:16] INFO: [4/9] Collecting ROM/BIOS Info...
[2025-12-17 07:54:16] INFO: [1/9] Collecting CPU Metrics...
[2025-12-17 07:54:18] INFO: [2/9] Collecting Memory Metrics...
[2025-12-17 07:54:18] INFO: [6/9] Collecting Network Metrics (Speed)...
[2025-12-17 07:54:20] INFO: [7/9] Collecting System Info...
[2025-12-17 07:54:20] INFO: [8/9] Collecting Top Processes...
[2025-12-17 07:54:20] INFO: [3/9] Collecting GPU Metrics...
[2025-12-17 07:54:20] INFO: [4/9] Collecting Disk Metrics...
[2025-12-17 07:54:21] INFO: [5/9] Collecting SMART Status...
[2025-12-17 07:54:21] INFO: [9/9] Checking Alerts...
[2025-12-17 07:54:21] WARNING: High Disk Usage: 97%
[2025-12-17 07:54:27] INFO: [4/9] Collecting ROM/BIOS Info...
[2025-12-17 07:54:27] INFO: [1/9] Collecting CPU Metrics...
[2025-12-17 07:54:29] INFO: [2/9] Collecting Memory Metrics...
[2025-12-17 07:54:29] INFO: [6/9] Collecting Network Metrics (Speed)...
[2025-12-17 07:54:31] INFO: [7/9] Collecting System Info...
[2025-12-17 07:54:31] INFO: [8/9] Collecting Top Processes...
[2025-12-17 07:54:31] INFO: [3/9] Collecting GPU Metrics...
[2025-12-17 07:54:32] INFO: [4/9] Collecting Disk Metrics...
[2025-12-17 07:54:32] INFO: [5/9] Collecting SMART Status...
[2025-12-17 07:54:32] INFO: [9/9] Checking Alerts...
[2025-12-17 07:54:32] WARNING: High Disk Usage: 97%
[2025-12-17 07:54:38] INFO: [4/9] Collecting ROM/BIOS Info...
[2025-12-17 07:54:39] INFO: [1/9] Collecting CPU Metrics...
[2025-12-17 07:54:40] INFO: [2/9] Collecting Memory Metrics...
[2025-12-17 07:54:40] INFO: [6/9] Collecting Network Metrics (Speed)...
[2025-12-17 07:54:42] INFO: [7/9] Collecting System Info...
[2025-12-17 07:54:42] INFO: [8/9] Collecting Top Processes...
[2025-12-17 07:54:42] INFO: [3/9] Collecting GPU Metrics...
[2025-12-17 07:54:43] INFO: [4/9] Collecting Disk Metrics...
[2025-12-17 07:54:43] INFO: [5/9] Collecting SMART Status...
[2025-12-17 07:54:43] INFO: [9/9] Checking Alerts...
[2025-12-17 07:54:43] WARNING: High Disk Usage: 97%
[2025-12-17 07:54:49] INFO: [4/9] Collecting ROM/BIOS Info...
[2025-12-17 07:54:50] INFO: [1/9] Collecting CPU Metrics...
[2025-12-17 07:54:51] INFO: [2/9] Collecting Memory Metrics...
[2025-12-17 07:54:51] INFO: [6/9] Collecting Network Metrics (Speed)...
[2025-12-17 07:54:53] INFO: [7/9] Collecting System Info...
[2025-12-17 07:54:53] INFO: [8/9] Collecting Top Processes...
[2025-12-17 07:54:53] INFO: [3/9] Collecting GPU Metrics...
[2025-12-17 07:54:54] INFO: [4/9] Collecting Disk Metrics...
[2025-12-17 07:54:54] INFO: [5/9] Collecting SMART Status...
[2025-12-17 07:54:54] INFO: [9/9] Checking Alerts...
[2025-12-17 07:54:54] WARNING: High Disk Usage: 97%
[2025-12-17 07:55:00] INFO: [4/9] Collecting ROM/BIOS Info...
[2025-12-17 07:55:01] INFO: [1/9] Collecting CPU Metrics...
[2025-12-17 07:55:02] INFO: [2/9] Collecting Memory Metrics...
[2025-12-17 07:55:02] INFO: [6/9] Collecting Network Metrics (Speed)...
[2025-12-17 07:55:04] INFO: [7/9] Collecting System Info...
[2025-12-17 07:55:04] INFO: [8/9] Collecting Top Processes...
[2025-12-17 07:55:04] INFO: [3/9] Collecting GPU Metrics...
[2025-12-17 07:55:04] INFO: [4/9] Collecting Disk Metrics...
[2025-12-17 07:55:04] INFO: [5/9] Collecting SMART Status...
[2025-12-17 07:55:04] INFO: [9/9] Checking Alerts...
[2025-12-17 07:55:04] WARNING: High Disk Usage: 97%
[2025-12-17 07:55:11] INFO: [4/9] Collecting ROM/BIOS Info...
[2025-12-17 07:55:11] INFO: [1/9] Collecting CPU Metrics...
[2025-12-17 07:55:13] INFO: [2/9] Collecting Memory Metrics...
[2025-12-17 07:55:13] INFO: [6/9] Collecting Network Metrics (Speed)...
[2025-12-17 07:55:14] INFO: [7/9] Collecting System Info...
[2025-12-17 07:55:14] INFO: [8/9] Collecting Top Processes...
[2025-12-17 07:55:15] INFO: [3/9] Collecting GPU Metrics...
[2025-12-17 07:55:15] INFO: [4/9] Collecting Disk Metrics...
[2025-12-17 07:55:15] INFO: [5/9] Collecting SMART Status...
[2025-12-17 07:55:15] INFO: [9/9] Checking Alerts...
[2025-12-17 07:55:15] WARNING: High Disk Usage: 97%
[2025-12-17 07:55:21] INFO: [4/9] Collecting ROM/BIOS Info...
[2025-12-17 07:55:22] INFO: [1/9] Collecting CPU Metrics...
[2025-12-17 07:55:23] INFO: [2/9] Collecting Memory Metrics...
[2025-12-17 07:55:23] INFO: [6/9] Collecting Network Metrics (Speed)...
[2025-12-17 07:55:25] INFO: [7/9] Collecting System Info...
[2025-12-17 07:55:25] INFO: [8/9] Collecting Top Processes...
[2025-12-17 07:55:25] INFO: [3/9] Collecting GPU Metrics...
[2025-12-17 07:55:25] INFO: [4/9] Collecting Disk Metrics...
[2025-12-17 07:55:26] INFO: [5/9] Collecting SMART Status...
[2025-12-17 07:55:26] INFO: [9/9] Checking Alerts...
[2025-12-17 07:55:26] WARNING: High Disk Usage: 97%
[2025-12-17 07:55:32] INFO: [4/9] Collecting ROM/BIOS Info...
[2025-12-17 07:55:32] INFO: [1/9] Collecting CPU Metrics...
[2025-12-17 07:55:34] INFO: [2/9] Collecting Memory Metrics...
[2025-12-17 07:55:34] INFO: [6/9] Collecting Network Metrics (Speed)...
[2025-12-17 07:55:35] INFO: [7/9] Collecting System Info...
[2025-12-17 07:55:35] INFO: [8/9] Collecting Top Processes...
[2025-12-17 07:55:36] INFO: [3/9] Collecting GPU Metrics...
[2025-12-17 07:55:36] INFO: [4/9] Collecting Disk Metrics...
[2025-12-17 07:55:36] INFO: [5/9] Collecting SMART Status...
[2025-12-17 07:55:36] INFO: [9/9] Checking Alerts...
[2025-12-17 07:55:36] WARNING: High Disk Usage: 97%
[2025-12-17 07:55:42] INFO: [4/9] Collecting ROM/BIOS Info...
[2025-12-17 07:55:43] INFO: [1/9] Collecting CPU Metrics...
[2025-12-17 07:55:44] INFO: [2/9] Collecting Memory Metrics...
[2025-12-17 07:55:45] INFO: [6/9] Collecting Network Metrics (Speed)...
[2025-12-17 07:55:46] INFO: [7/9] Collecting System Info...
[2025-12-17 07:55:46] INFO: [8/9] Collecting Top Processes...
[2025-12-17 07:55:47] INFO: [3/9] Collecting GPU Metrics...
[2025-12-17 07:55:47] INFO: [4/9] Collecting Disk Metrics...
[2025-12-17 07:55:47] INFO: [5/9] Collecting SMART Status...
[2025-12-17 07:55:47] INFO: [9/9] Checking Alerts...
[2025-12-17 07:55:47] WARNING: High Disk Usage: 97%
[2025-12-17 07:55:53] INFO: [4/9] Collecting ROM/BIOS Info...
[2025-12-17 07:55:54] INFO: [1/9] Collecting CPU Metrics...
[2025-12-17 07:55:55] INFO: [2/9] Collecting Memory Metrics...
[2025-12-17 07:55:55] INFO: [6/9] Collecting Network Metrics (Speed)...
[2025-12-17 07:55:57] INFO: [7/9] Collecting System Info...
[2025-12-17 07:55:57] INFO: [8/9] Collecting Top Processes...
[2025-12-17 07:55:57] INFO: [3/9] Collecting GPU Metrics...
[2025-12-17 07:55:58] INFO: [4/9] Collecting Disk Metrics...
[2025-12-17 07:55:58] INFO: [5/9] Collecting SMART Status...
[2025-12-17 07:55:58] INFO: [9/9] Checking Alerts...
[2025-12-17 07:55:58] WARNING: High Disk Usage: 97%
[2025-12-17 07:56:04] INFO: [4/9] Collecting ROM/BIOS Info...
[2025-12-17 07:56:04] INFO: [1/9] Collecting CPU Metrics...
[2025-12-17 07:56:06] INFO: [2/9] Collecting Memory Metrics...
[2025-12-17 07:56:06] INFO: [6/9] Collecting Network Metrics (Speed)...
[2025-12-17 07:56:08] INFO: [7/9] Collecting System Info...
[2025-12-17 07:56:08] INFO: [8/9] Collecting Top Processes...
[2025-12-17 07:56:08] INFO: [3/9] Collecting GPU Metrics...
[2025-12-17 07:56:08] INFO: [4/9] Collecting Disk Metrics...
[2025-12-17 07:56:09] INFO: [5/9] Collecting SMART Status...
[2025-12-17 07:56:09] INFO: [9/9] Checking Alerts...
[2025-12-17 07:56:09] WARNING: High Disk Usage: 97%
[2025-12-17 07:56:15] INFO: [4/9] Collecting ROM/BIOS Info...
[2025-12-17 07:56:15] INFO: [1/9] Collecting CPU Metrics...
[2025-12-17 07:56:17] INFO: [2/9] Collecting Memory Metrics...
[2025-12-17 07:56:17] INFO: [6/9] Collecting Network Metrics (Speed)...
[2025-12-17 07:56:18] INFO: [7/9] Collecting System Info...
[2025-12-17 07:56:18] INFO: [8/9] Collecting Top Processes...
[2025-12-17 07:56:19] INFO: [3/9] Collecting GPU Metrics...
[2025-12-17 07:56:19] INFO: [4/9] Collecting Disk Metrics...
[2025-12-17 07:56:19] INFO: [5/9] Collecting SMART Status...
[2025-12-17 07:56:19] INFO: [9/9] Checking Alerts...
[2025-12-17 07:56:19] WARNING: High Disk Usage: 97%
[2025-12-17 07:56:25] INFO: [4/9] Collecting ROM/BIOS Info...
[2025-12-17 07:56:26] INFO: [1/9] Collecting CPU Metrics...
[2025-12-17 07:56:28] INFO: [2/9] Collecting Memory Metrics...
[2025-12-17 07:56:28] INFO: [6/9] Collecting Network Metrics (Speed)...
[2025-12-17 07:56:29] INFO: [7/9] Collecting System Info...
[2025-12-17 07:56:29] INFO: [8/9] Collecting Top Processes...
[2025-12-17 07:56:30] INFO: [3/9] Collecting GPU Metrics...
[2025-12-17 07:56:30] INFO: [4/9] Collecting Disk Metrics...
[2025-12-17 07:56:30] INFO: [5/9] Collecting SMART Status...
[2025-12-17 07:56:30] INFO: [9/9] Checking Alerts...
[2025-12-17 07:56:30] WARNING: High Disk Usage: 97%
[2025-12-17 07:56:36] INFO: [4/9] Collecting ROM/BIOS Info...
[2025-12-17 07:56:37] INFO: [1/9] Collecting CPU Metrics...
[2025-12-17 07:56:38] INFO: [2/9] Collecting Memory Metrics...
[2025-12-17 07:56:38] INFO: [6/9] Collecting Network Metrics (Speed)...
[2025-12-17 07:56:40] INFO: [7/9] Collecting System Info...
[2025-12-17 07:56:40] INFO: [8/9] Collecting Top Processes...
[2025-12-17 07:56:40] INFO: [3/9] Collecting GPU Metrics...
[2025-12-17 07:56:41] INFO: [4/9] Collecting Disk Metrics...
[2025-12-17 07:56:41] INFO: [5/9] Collecting SMART Status...
[2025-12-17 07:56:41] INFO: [9/9] Checking Alerts...
[2025-12-17 07:56:41] WARNING: High Disk Usage: 97%
[2025-12-17 07:56:47] INFO: [4/9] Collecting ROM/BIOS Info...
[2025-12-17 07:56:48] INFO: [1/9] Collecting CPU Metrics...
[2025-12-17 07:56:49] INFO: [2/9] Collecting Memory Metrics...
[2025-12-17 07:56:49] INFO: [6/9] Collecting Network Metrics (Speed)...
[2025-12-17 07:56:51] INFO: [7/9] Collecting System Info...
[2025-12-17 07:56:51] INFO: [8/9] Collecting Top Processes...
[2025-12-17 07:56:51] INFO: [3/9] Collecting GPU Metrics...
[2025-12-17 07:56:51] INFO: [4/9] Collecting Disk Metrics...
[2025-12-17 07:56:52] INFO: [5/9] Collecting SMART Status...
[2025-12-17 07:56:52] INFO: [9/9] Checking Alerts...
[2025-12-17 07:56:52] WARNING: High Disk Usage: 97%
[2025-12-17 07:56:58] INFO: [4/9] Collecting ROM/BIOS Info...
[2025-12-17 07:56:59] INFO: [1/9] Collecting CPU Metrics...
[2025-12-17 07:57:00] INFO: [2/9] Collecting Memory Metrics...
[2025-12-17 07:57:00] INFO: [6/9] Collecting Network Metrics (Speed)...
[2025-12-17 07:57:02] INFO: [7/9] Collecting System Info...
[2025-12-17 07:57:02] INFO: [8/9] Collecting Top Processes...
[2025-12-17 07:57:02] INFO: [3/9] Collecting GPU Metrics...
[2025-12-17 07:57:03] INFO: [4/9] Collecting Disk Metrics...
[2025-12-17 07:57:03] INFO: [5/9] Collecting SMART Status...
[2025-12-17 07:57:03] INFO: [9/9] Checking Alerts...
[2025-12-17 07:57:03] WARNING: High Disk Usage: 97%
[2025-12-17 07:57:09] INFO: [4/9] Collecting ROM/BIOS Info...
[2025-12-17 07:57:10] INFO: [1/9] Collecting CPU Metrics...
[2025-12-17 07:57:11] INFO: [2/9] Collecting Memory Metrics...
[2025-12-17 07:57:11] INFO: [6/9] Collecting Network Metrics (Speed)...
[2025-12-17 07:57:13] INFO: [7/9] Collecting System Info...
[2025-12-17 07:57:13] INFO: [8/9] Collecting Top Processes...
[2025-12-17 07:57:13] INFO: [3/9] Collecting GPU Metrics...
[2025-12-17 07:57:13] INFO: [4/9] Collecting Disk Metrics...
[2025-12-17 07:57:14] INFO: [5/9] Collecting SMART Status...
[2025-12-17 07:57:14] INFO: [9/9] Checking Alerts...
[2025-12-17 07:57:14] WARNING: High Disk Usage: 97%
[2025-12-17 07:57:20] INFO: [4/9] Collecting ROM/BIOS Info...
[2025-12-17 07:57:21] INFO: [1/9] Collecting CPU Metrics...
[2025-12-17 07:57:22] INFO: [2/9] Collecting Memory Metrics...
[2025-12-17 07:57:22] INFO: [6/9] Collecting Network Metrics (Speed)...
[2025-12-17 07:57:24] INFO: [7/9] Collecting System Info...
[2025-12-17 07:57:24] INFO: [8/9] Collecting Top Processes...
[2025-12-17 07:57:24] INFO: [3/9] Collecting GPU Metrics...
[2025-12-17 07:57:25] INFO: [4/9] Collecting Disk Metrics...
[2025-12-17 07:57:25] INFO: [5/9] Collecting SMART Status...
[2025-12-17 07:57:25] INFO: [9/9] Checking Alerts...
[2025-12-17 07:57:25] WARNING: High Disk Usage: 97%
[2025-12-17 07:57:31] INFO: [4/9] Collecting ROM/BIOS Info...
[2025-12-17 07:57:32] INFO: [1/9] Collecting CPU Metrics...
[2025-12-17 07:57:33] INFO: [2/9] Collecting Memory Metrics...
[2025-12-17 07:57:33] INFO: [6/9] Collecting Network Metrics (Speed)...
[2025-12-17 07:57:35] INFO: [7/9] Collecting System Info...
[2025-12-17 07:57:35] INFO: [8/9] Collecting Top Processes...
[2025-12-17 07:57:35] INFO: [3/9] Collecting GPU Metrics...
[2025-12-17 07:57:35] INFO: [4/9] Collecting Disk Metrics...
[2025-12-17 07:57:36] INFO: [5/9] Collecting SMART Status...
[2025-12-17 07:57:36] INFO: [9/9] Checking Alerts...
[2025-12-17 07:57:36] WARNING: High Disk Usage: 97%
[2025-12-17 07:57:42] INFO: [4/9] Collecting ROM/BIOS Info...
[2025-12-17 07:57:43] INFO: [1/9] Collecting CPU Metrics...
[2025-12-17 07:57:44] INFO: [2/9] Collecting Memory Metrics...
[2025-12-17 07:57:44] INFO: [6/9] Collecting Network Metrics (Speed)...
[2025-12-17 07:57:46] INFO: [7/9] Collecting System Info...
[2025-12-17 07:57:46] INFO: [8/9] Collecting Top Processes...
[2025-12-17 07:57:46] INFO: [3/9] Collecting GPU Metrics...
[2025-12-17 07:57:47] INFO: [4/9] Collecting Disk Metrics...
[2025-12-17 07:57:47] INFO: [5/9] Collecting SMART Status...
[2025-12-17 07:57:47] INFO: [9/9] Checking Alerts...
[2025-12-17 07:57:47] WARNING: High Disk Usage: 97%
[2025-12-17 07:57:53] INFO: [4/9] Collecting ROM/BIOS Info...
[2025-12-17 07:57:54] INFO: [1/9] Collecting CPU Metrics...
[2025-12-17 07:57:55] INFO: [2/9] Collecting Memory Metrics...
[2025-12-17 07:57:56] INFO: [6/9] Collecting Network Metrics (Speed)...
[2025-12-17 07:57:57] INFO: [7/9] Collecting System Info...
[2025-12-17 07:57:57] INFO: [8/9] Collecting Top Processes...
[2025-12-17 07:57:58] INFO: [3/9] Collecting GPU Metrics...
[2025-12-17 07:57:58] INFO: [4/9] Collecting Disk Metrics...
[2025-12-17 07:57:58] INFO: [5/9] Collecting SMART Status...
[2025-12-17 07:57:58] INFO: [9/9] Checking Alerts...
[2025-12-17 07:57:58] WARNING: High Disk Usage: 97%
[2025-12-17 07:58:04] INFO: [4/9] Collecting ROM/BIOS Info...
[2025-12-17 07:58:05] INFO: [1/9] Collecting CPU Metrics...
[2025-12-17 07:58:07] INFO: [2/9] Collecting Memory Metrics...
[2025-12-17 07:58:07] INFO: [6/9] Collecting Network Metrics (Speed)...
[2025-12-17 07:58:08] INFO: [7/9] Collecting System Info...
[2025-12-17 07:58:08] INFO: [8/9] Collecting Top Processes...
[2025-12-17 07:58:09] INFO: [3/9] Collecting GPU Metrics...
[2025-12-17 07:58:09] INFO: [4/9] Collecting Disk Metrics...
[2025-12-17 07:58:09] INFO: [5/9] Collecting SMART Status...
[2025-12-17 07:58:09] INFO: [9/9] Checking Alerts...
[2025-12-17 07:58:09] WARNING: High Disk Usage: 97%
[2025-12-17 07:58:15] INFO: [4/9] Collecting ROM/BIOS Info...
[2025-12-17 07:58:16] INFO: [1/9] Collecting CPU Metrics...
[2025-12-17 07:58:18] INFO: [2/9] Collecting Memory Metrics...
[2025-12-17 07:58:18] INFO: [6/9] Collecting Network Metrics (Speed)...
[2025-12-17 07:58:19] INFO: [7/9] Collecting System Info...
[2025-12-17 07:58:19] INFO: [8/9] Collecting Top Processes...
[2025-12-17 07:58:20] INFO: [3/9] Collecting GPU Metrics...
[2025-12-17 07:58:20] INFO: [4/9] Collecting Disk Metrics...
[2025-12-17 07:58:20] INFO: [5/9] Collecting SMART Status...
[2025-12-17 07:58:20] INFO: [9/9] Checking Alerts...
[2025-12-17 07:58:20] WARNING: High Disk Usage: 97%
[2025-12-17 07:58:27] INFO: [4/9] Collecting ROM/BIOS Info...
[2025-12-17 07:58:27] INFO: [1/9] Collecting CPU Metrics...
[2025-12-17 07:58:29] INFO: [2/9] Collecting Memory Metrics...
[2025-12-17 07:58:29] INFO: [6/9] Collecting Network Metrics (Speed)...
[2025-12-17 07:58:30] INFO: [7/9] Collecting System Info...
[2025-12-17 07:58:30] INFO: [8/9] Collecting Top Processes...
[2025-12-17 07:58:31] INFO: [3/9] Collecting GPU Metrics...
[2025-12-17 07:58:31] INFO: [4/9] Collecting Disk Metrics...
[2025-12-17 07:58:31] INFO: [5/9] Collecting SMART Status...
[2025-12-17 07:58:31] INFO: [9/9] Checking Alerts...
[2025-12-17 07:58:31] WARNING: High Disk Usage: 97%
[2025-12-17 07:58:37] INFO: [4/9] Collecting ROM/BIOS Info...
[2025-12-17 07:58:38] INFO: [1/9] Collecting CPU Metrics...
[2025-12-17 07:58:40] INFO: [2/9] Collecting Memory Metrics...
[2025-12-17 07:58:40] INFO: [6/9] Collecting Network Metrics (Speed)...
[2025-12-17 07:58:41] INFO: [7/9] Collecting System Info...
[2025-12-17 07:58:41] INFO: [8/9] Collecting Top Processes...
[2025-12-17 07:58:42] INFO: [3/9] Collecting GPU Metrics...
[2025-12-17 07:58:42] INFO: [4/9] Collecting Disk Metrics...
[2025-12-17 07:58:42] INFO: [5/9] Collecting SMART Status...
[2025-12-17 07:58:42] INFO: [9/9] Checking Alerts...
[2025-12-17 07:58:42] WARNING: High Disk Usage: 97%
[2025-12-17 07:58:48] INFO: [4/9] Collecting ROM/BIOS Info...
[2025-12-17 07:58:48] INFO: [1/9] Collecting CPU Metrics...
[2025-12-17 07:58:50] INFO: [2/9] Collecting Memory Metrics...
[2025-12-17 07:58:50] INFO: [6/9] Collecting Network Metrics (Speed)...
[2025-12-17 07:58:52] INFO: [7/9] Collecting System Info...
[2025-12-17 07:58:52] INFO: [8/9] Collecting Top Processes...
[2025-12-17 07:58:52] INFO: [3/9] Collecting GPU Metrics...
[2025-12-17 07:58:53] INFO: [4/9] Collecting Disk Metrics...
[2025-12-17 07:58:53] INFO: [5/9] Collecting SMART Status...
[2025-12-17 07:58:53] INFO: [9/9] Checking Alerts...
[2025-12-17 07:58:53] WARNING: High Disk Usage: 97%
[2025-12-17 07:58:59] INFO: [4/9] Collecting ROM/BIOS Info...
[2025-12-17 07:59:00] INFO: [1/9] Collecting CPU Metrics...
[2025-12-17 07:59:02] INFO: [2/9] Collecting Memory Metrics...
[2025-12-17 07:59:02] INFO: [6/9] Collecting Network Metrics (Speed)...
[2025-12-17 07:59:03] INFO: [7/9] Collecting System Info...
[2025-12-17 07:59:03] INFO: [8/9] Collecting Top Processes...
[2025-12-17 07:59:04] INFO: [3/9] Collecting GPU Metrics...
[2025-12-17 07:59:04] INFO: [4/9] Collecting Disk Metrics...
[2025-12-17 07:59:04] INFO: [5/9] Collecting SMART Status...
[2025-12-17 07:59:04] INFO: [9/9] Checking Alerts...
[2025-12-17 07:59:04] WARNING: High Disk Usage: 97%
[2025-12-17 07:59:11] INFO: [4/9] Collecting ROM/BIOS Info...
[2025-12-17 07:59:11] INFO: [1/9] Collecting CPU Metrics...
[2025-12-17 07:59:13] INFO: [2/9] Collecting Memory Metrics...
[2025-12-17 07:59:13] INFO: [6/9] Collecting Network Metrics (Speed)...
[2025-12-17 07:59:15] INFO: [7/9] Collecting System Info...
[2025-12-17 07:59:15] INFO: [8/9] Collecting Top Processes...
[2025-12-17 07:59:15] INFO: [3/9] Collecting GPU Metrics...
[2025-12-17 07:59:15] INFO: [4/9] Collecting Disk Metrics...
[2025-12-17 07:59:15] INFO: [5/9] Collecting SMART Status...
[2025-12-17 07:59:15] INFO: [9/9] Checking Alerts...
[2025-12-17 07:59:15] WARNING: High Disk Usage: 97%
[2025-12-17 07:59:22] INFO: [4/9] Collecting ROM/BIOS Info...
[2025-12-17 07:59:22] INFO: [1/9] Collecting CPU Metrics...
[2025-12-17 07:59:24] INFO: [2/9] Collecting Memory Metrics...
[2025-12-17 07:59:24] INFO: [6/9] Collecting Network Metrics (Speed)...
[2025-12-17 07:59:25] INFO: [7/9] Collecting System Info...
[2025-12-17 07:59:26] INFO: [8/9] Collecting Top Processes...
[2025-12-17 07:59:26] INFO: [3/9] Collecting GPU Metrics...
[2025-12-17 07:59:26] INFO: [4/9] Collecting Disk Metrics...
[2025-12-17 07:59:26] INFO: [5/9] Collecting SMART Status...
[2025-12-17 07:59:26] INFO: [9/9] Checking Alerts...
[2025-12-17 07:59:26] WARNING: High Disk Usage: 97%
[2025-12-17 07:59:33] INFO: [4/9] Collecting ROM/BIOS Info...
[2025-12-17 07:59:33] INFO: [1/9] Collecting CPU Metrics...
[2025-12-17 07:59:35] INFO: [2/9] Collecting Memory Metrics...
[2025-12-17 07:59:35] INFO: [6/9] Collecting Network Metrics (Speed)...
[2025-12-17 07:59:37] INFO: [7/9] Collecting System Info...
[2025-12-17 07:59:37] INFO: [8/9] Collecting Top Processes...
[2025-12-17 07:59:37] INFO: [3/9] Collecting GPU Metrics...
[2025-12-17 07:59:37] INFO: [4/9] Collecting Disk Metrics...
[2025-12-17 07:59:38] INFO: [5/9] Collecting SMART Status...
[2025-12-17 07:59:38] INFO: [9/9] Checking Alerts...
[2025-12-17 07:59:38] WARNING: High Disk Usage: 97%
[2025-12-17 07:59:44] INFO: [4/9] Collecting ROM/BIOS Info...
[2025-12-17 07:59:45] INFO: [1/9] Collecting CPU Metrics...
[2025-12-17 07:59:46] INFO: [2/9] Collecting Memory Metrics...
[2025-12-17 07:59:46] INFO: [6/9] Collecting Network Metrics (Speed)...
[2025-12-17 07:59:48] INFO: [7/9] Collecting System Info...
[2025-12-17 07:59:48] INFO: [8/9] Collecting Top Processes...
[2025-12-17 07:59:48] INFO: [3/9] Collecting GPU Metrics...
[2025-12-17 07:59:49] INFO: [4/9] Collecting Disk Metrics...
[2025-12-17 07:59:49] INFO: [5/9] Collecting SMART Status...
[2025-12-17 07:59:49] INFO: [9/9] Checking Alerts...
[2025-12-17 07:59:49] WARNING: High Disk Usage: 97%
[2025-12-17 07:59:55] INFO: [4/9] Collecting ROM/BIOS Info...
[2025-12-17 07:59:56] INFO: [1/9] Collecting CPU Metrics...
[2025-12-17 07:59:58] INFO: [2/9] Collecting Memory Metrics...
[2025-12-17 07:59:58] INFO: [6/9] Collecting Network Metrics (Speed)...
[2025-12-17 07:59:59] INFO: [7/9] Collecting System Info...
[2025-12-17 07:59:59] INFO: [8/9] Collecting Top Processes...
[2025-12-17 08:00:00] INFO: [3/9] Collecting GPU Metrics...
[2025-12-17 08:00:00] INFO: [4/9] Collecting Disk Metrics...
[2025-12-17 08:00:00] INFO: [5/9] Collecting SMART Status...
[2025-12-17 08:00:00] INFO: [9/9] Checking Alerts...
[2025-12-17 08:00:00] WARNING: High Disk Usage: 97%
[2025-12-17 08:00:07] INFO: [4/9] Collecting ROM/BIOS Info...
[2025-12-17 08:00:07] INFO: [1/9] Collecting CPU Metrics...
[2025-12-17 08:00:09] INFO: [2/9] Collecting Memory Metrics...
[2025-12-17 08:00:09] INFO: [6/9] Collecting Network Metrics (Speed)...
[2025-12-17 08:00:11] INFO: [7/9] Collecting System Info...
[2025-12-17 08:00:11] INFO: [8/9] Collecting Top Processes...
[2025-12-17 08:00:11] INFO: [3/9] Collecting GPU Metrics...
[2025-12-17 08:00:12] INFO: [4/9] Collecting Disk Metrics...
[2025-12-17 08:00:12] INFO: [5/9] Collecting SMART Status...
[2025-12-17 08:00:12] INFO: [9/9] Checking Alerts...
[2025-12-17 08:00:12] WARNING: High Disk Usage: 97%
[2025-12-17 08:00:19] INFO: [4/9] Collecting ROM/BIOS Info...
[2025-12-17 08:00:20] INFO: [1/9] Collecting CPU Metrics...
[2025-12-17 08:00:22] INFO: [2/9] Collecting Memory Metrics...
[2025-12-17 08:00:22] INFO: [6/9] Collecting Network Metrics (Speed)...
[2025-12-17 08:00:23] INFO: [7/9] Collecting System Info...
[2025-12-17 08:00:24] INFO: [8/9] Collecting Top Processes...
[2025-12-17 08:00:24] INFO: [3/9] Collecting GPU Metrics...
[2025-12-17 08:00:24] INFO: [4/9] Collecting Disk Metrics...
[2025-12-17 08:00:24] INFO: [5/9] Collecting SMART Status...
[2025-12-17 08:00:25] INFO: [9/9] Checking Alerts...
[2025-12-17 08:00:25] WARNING: High Disk Usage: 97%
[2025-12-17 08:00:31] INFO: [4/9] Collecting ROM/BIOS Info...
[2025-12-17 08:00:31] INFO: [1/9] Collecting CPU Metrics...
[2025-12-17 08:00:33] INFO: [2/9] Collecting Memory Metrics...
[2025-12-17 08:00:33] INFO: [6/9] Collecting Network Metrics (Speed)...
[2025-12-17 08:00:35] INFO: [7/9] Collecting System Info...
[2025-12-17 08:00:35] INFO: [8/9] Collecting Top Processes...
[2025-12-17 08:00:35] INFO: [3/9] Collecting GPU Metrics...
[2025-12-17 08:00:35] INFO: [4/9] Collecting Disk Metrics...
[2025-12-17 08:00:36] INFO: [5/9] Collecting SMART Status...
[2025-12-17 08:00:36] INFO: [9/9] Checking Alerts...
[2025-12-17 08:00:36] WARNING: High Disk Usage: 97%
[2025-12-17 08:00:42] INFO: [4/9] Collecting ROM/BIOS Info...
[2025-12-17 08:00:43] INFO: [1/9] Collecting CPU Metrics...
[2025-12-17 08:00:44] INFO: [4/9] Collecting ROM/BIOS Info...
[2025-12-17 08:00:45] INFO: [1/9] Collecting CPU Metrics...
[2025-12-17 08:00:46] INFO: [2/9] Collecting Memory Metrics...
[2025-12-17 08:00:47] INFO: [6/9] Collecting Network Metrics (Speed)...
[2025-12-17 08:00:48] INFO: [7/9] Collecting System Info...
[2025-12-17 08:00:48] INFO: [8/9] Collecting Top Processes...
[2025-12-17 08:00:49] INFO: [3/9] Collecting GPU Metrics...
[2025-12-17 08:00:49] INFO: [4/9] Collecting Disk Metrics...
[2025-12-17 08:00:49] INFO: [5/9] Collecting SMART Status...
[2025-12-17 08:00:49] INFO: [9/9] Checking Alerts...
[2025-12-17 08:00:49] WARNING: High Disk Usage: 97%
[2025-12-17 08:00:55] INFO: [4/9] Collecting ROM/BIOS Info...
[2025-12-17 08:00:56] INFO: [1/9] Collecting CPU Metrics...
[2025-12-17 08:00:58] INFO: [2/9] Collecting Memory Metrics...
[2025-12-17 08:00:58] INFO: [6/9] Collecting Network Metrics (Speed)...
[2025-12-17 08:00:59] INFO: [7/9] Collecting System Info...
[2025-12-17 08:00:59] INFO: [8/9] Collecting Top Processes...
[2025-12-17 08:01:00] INFO: [3/9] Collecting GPU Metrics...
[2025-12-17 08:01:00] INFO: [4/9] Collecting Disk Metrics...
[2025-12-17 08:01:00] INFO: [5/9] Collecting SMART Status...
[2025-12-17 08:01:00] INFO: [9/9] Checking Alerts...
[2025-12-17 08:01:00] WARNING: High Disk Usage: 97%
[2025-12-17 08:01:07] INFO: [4/9] Collecting ROM/BIOS Info...
[2025-12-17 08:01:07] INFO: [1/9] Collecting CPU Metrics...
[2025-12-17 08:01:09] INFO: [2/9] Collecting Memory Metrics...
[2025-12-17 08:01:09] INFO: [6/9] Collecting Network Metrics (Speed)...
[2025-12-17 08:01:10] INFO: [7/9] Collecting System Info...
[2025-12-17 08:01:10] INFO: [8/9] Collecting Top Processes...
[2025-12-17 08:01:11] INFO: [3/9] Collecting GPU Metrics...
[2025-12-17 08:01:11] INFO: [4/9] Collecting Disk Metrics...
[2025-12-17 08:01:11] INFO: [5/9] Collecting SMART Status...
[2025-12-17 08:01:11] INFO: [9/9] Checking Alerts...
[2025-12-17 08:01:11] WARNING: High Disk Usage: 97%
[2025-12-17 08:01:18] INFO: [4/9] Collecting ROM/BIOS Info...
[2025-12-17 08:01:18] INFO: [1/9] Collecting CPU Metrics...
[2025-12-17 08:01:20] INFO: [2/9] Collecting Memory Metrics...
[2025-12-17 08:01:20] INFO: [6/9] Collecting Network Metrics (Speed)...
[2025-12-17 08:01:21] INFO: [7/9] Collecting System Info...
[2025-12-17 08:01:22] INFO: [8/9] Collecting Top Processes...
[2025-12-17 08:01:22] INFO: [3/9] Collecting GPU Metrics...
[2025-12-17 08:01:22] INFO: [4/9] Collecting Disk Metrics...
[2025-12-17 08:01:22] INFO: [5/9] Collecting SMART Status...
[2025-12-17 08:01:22] INFO: [9/9] Checking Alerts...
[2025-12-17 08:01:22] WARNING: High Disk Usage: 97%
[2025-12-17 08:01:29] INFO: [4/9] Collecting ROM/BIOS Info...
[2025-12-17 08:01:29] INFO: [1/9] Collecting CPU Metrics...
[2025-12-17 08:01:31] INFO: [2/9] Collecting Memory Metrics...
[2025-12-17 08:01:31] INFO: [6/9] Collecting Network Metrics (Speed)...
[2025-12-17 08:01:32] INFO: [7/9] Collecting System Info...
[2025-12-17 08:01:32] INFO: [8/9] Collecting Top Processes...
[2025-12-17 08:01:33] INFO: [3/9] Collecting GPU Metrics...
[2025-12-17 08:01:33] INFO: [4/9] Collecting Disk Metrics...
[2025-12-17 08:01:33] INFO: [5/9] Collecting SMART Status...
[2025-12-17 08:01:33] INFO: [9/9] Checking Alerts...
[2025-12-17 08:01:33] WARNING: High Disk Usage: 97%
[2025-12-17 08:01:39] INFO: [4/9] Collecting ROM/BIOS Info...
[2025-12-17 08:01:40] INFO: [1/9] Collecting CPU Metrics...
[2025-12-17 08:01:41] INFO: [2/9] Collecting Memory Metrics...
[2025-12-17 08:01:42] INFO: [6/9] Collecting Network Metrics (Speed)...
[2025-12-17 08:01:43] INFO: [7/9] Collecting System Info...
[2025-12-17 08:01:43] INFO: [8/9] Collecting Top Processes...
[2025-12-17 08:01:43] INFO: [3/9] Collecting GPU Metrics...
[2025-12-17 08:01:44] INFO: [4/9] Collecting Disk Metrics...
[2025-12-17 08:01:44] INFO: [5/9] Collecting SMART Status...
[2025-12-17 08:01:44] INFO: [9/9] Checking Alerts...
[2025-12-17 08:01:44] WARNING: High Disk Usage: 97%
[2025-12-17 08:01:50] INFO: [4/9] Collecting ROM/BIOS Info...
[2025-12-17 08:01:51] INFO: [1/9] Collecting CPU Metrics...
[2025-12-17 08:01:52] INFO: [2/9] Collecting Memory Metrics...
[2025-12-17 08:01:52] INFO: [6/9] Collecting Network Metrics (Speed)...
[2025-12-17 08:01:54] INFO: [7/9] Collecting System Info...
[2025-12-17 08:01:54] INFO: [8/9] Collecting Top Processes...
[2025-12-17 08:01:54] INFO: [3/9] Collecting GPU Metrics...
[2025-12-17 08:01:55] INFO: [4/9] Collecting Disk Metrics...
[2025-12-17 08:01:55] INFO: [5/9] Collecting SMART Status...
[2025-12-17 08:01:55] INFO: [9/9] Checking Alerts...
[2025-12-17 08:01:55] WARNING: High Disk Usage: 97%
[2025-12-17 08:02:01] INFO: [4/9] Collecting ROM/BIOS Info...
[2025-12-17 08:02:01] INFO: [1/9] Collecting CPU Metrics...
[2025-12-17 08:02:02] INFO: [2/9] Collecting Memory Metrics...
[2025-12-17 08:02:03] INFO: [6/9] Collecting Network Metrics (Speed)...
[2025-12-17 08:02:04] INFO: [7/9] Collecting System Info...
[2025-12-17 08:02:04] INFO: [8/9] Collecting Top Processes...
[2025-12-17 08:02:04] INFO: [3/9] Collecting GPU Metrics...
[2025-12-17 08:02:05] INFO: [4/9] Collecting Disk Metrics...
[2025-12-17 08:02:05] INFO: [5/9] Collecting SMART Status...
[2025-12-17 08:02:05] INFO: [9/9] Checking Alerts...
[2025-12-17 08:02:05] WARNING: High Disk Usage: 97%
[2025-12-17 08:02:11] INFO: [4/9] Collecting ROM/BIOS Info...
[2025-12-17 08:02:12] INFO: [1/9] Collecting CPU Metrics...
[2025-12-17 08:02:13] INFO: [2/9] Collecting Memory Metrics...
[2025-12-17 08:02:13] INFO: [6/9] Collecting Network Metrics (Speed)...
[2025-12-17 08:02:15] INFO: [7/9] Collecting System Info...
[2025-12-17 08:02:15] INFO: [8/9] Collecting Top Processes...
[2025-12-17 08:02:15] INFO: [3/9] Collecting GPU Metrics...
[2025-12-17 08:02:15] INFO: [4/9] Collecting Disk Metrics...
[2025-12-17 08:02:15] INFO: [5/9] Collecting SMART Status...
[2025-12-17 08:02:15] INFO: [9/9] Checking Alerts...
[2025-12-17 08:02:16] WARNING: High Disk Usage: 97%
[2025-12-17 08:02:22] INFO: [4/9] Collecting ROM/BIOS Info...
[2025-12-17 08:02:22] INFO: [1/9] Collecting CPU Metrics...
[2025-12-17 08:02:24] INFO: [2/9] Collecting Memory Metrics...
[2025-12-17 08:02:24] INFO: [6/9] Collecting Network Metrics (Speed)...
[2025-12-17 08:02:25] INFO: [7/9] Collecting System Info...
[2025-12-17 08:02:26] INFO: [8/9] Collecting Top Processes...
[2025-12-17 08:02:26] INFO: [3/9] Collecting GPU Metrics...
[2025-12-17 08:02:26] INFO: [4/9] Collecting Disk Metrics...
[2025-12-17 08:02:26] INFO: [5/9] Collecting SMART Status...
[2025-12-17 08:02:26] INFO: [9/9] Checking Alerts...
[2025-12-17 08:02:26] WARNING: High Disk Usage: 97%
[2025-12-17 08:02:33] INFO: [4/9] Collecting ROM/BIOS Info...
[2025-12-17 08:02:33] INFO: [1/9] Collecting CPU Metrics...
[2025-12-17 08:02:35] INFO: [2/9] Collecting Memory Metrics...
[2025-12-17 08:02:35] INFO: [6/9] Collecting Network Metrics (Speed)...
[2025-12-17 08:02:36] INFO: [7/9] Collecting System Info...
[2025-12-17 08:02:36] INFO: [8/9] Collecting Top Processes...
[2025-12-17 08:02:37] INFO: [3/9] Collecting GPU Metrics...
[2025-12-17 08:02:37] INFO: [4/9] Collecting Disk Metrics...
[2025-12-17 08:02:37] INFO: [5/9] Collecting SMART Status...
[2025-12-17 08:02:37] INFO: [9/9] Checking Alerts...
[2025-12-17 08:02:37] WARNING: High Disk Usage: 97%
[2025-12-17 08:02:43] INFO: [4/9] Collecting ROM/BIOS Info...
[2025-12-17 08:02:44] INFO: [1/9] Collecting CPU Metrics...
[2025-12-17 08:02:46] INFO: [2/9] Collecting Memory Metrics...
[2025-12-17 08:02:46] INFO: [6/9] Collecting Network Metrics (Speed)...
[2025-12-17 08:02:47] INFO: [7/9] Collecting System Info...
[2025-12-17 08:02:47] INFO: [8/9] Collecting Top Processes...
[2025-12-17 08:02:48] INFO: [3/9] Collecting GPU Metrics...
[2025-12-17 08:02:48] INFO: [4/9] Collecting Disk Metrics...
[2025-12-17 08:02:48] INFO: [5/9] Collecting SMART Status...
[2025-12-17 08:02:48] INFO: [9/9] Checking Alerts...
[2025-12-17 08:02:48] WARNING: High Disk Usage: 97%
[2025-12-17 08:02:54] INFO: [4/9] Collecting ROM/BIOS Info...
[2025-12-17 08:02:55] INFO: [1/9] Collecting CPU Metrics...
[2025-12-17 08:02:56] INFO: [2/9] Collecting Memory Metrics...
[2025-12-17 08:02:57] INFO: [6/9] Collecting Network Metrics (Speed)...
[2025-12-17 08:02:58] INFO: [7/9] Collecting System Info...
[2025-12-17 08:02:58] INFO: [8/9] Collecting Top Processes...
[2025-12-17 08:02:59] INFO: [3/9] Collecting GPU Metrics...
[2025-12-17 08:02:59] INFO: [4/9] Collecting Disk Metrics...
[2025-12-17 08:02:59] INFO: [5/9] Collecting SMART Status...
[2025-12-17 08:02:59] INFO: [9/9] Checking Alerts...
[2025-12-17 08:02:59] WARNING: High Disk Usage: 97%
[2025-12-17 08:03:05] INFO: [4/9] Collecting ROM/BIOS Info...
[2025-12-17 08:03:06] INFO: [1/9] Collecting CPU Metrics...
[2025-12-17 08:03:07] INFO: [2/9] Collecting Memory Metrics...
[2025-12-17 08:03:08] INFO: [6/9] Collecting Network Metrics (Speed)...
[2025-12-17 08:03:09] INFO: [7/9] Collecting System Info...
[2025-12-17 08:03:09] INFO: [8/9] Collecting Top Processes...
[2025-12-17 08:03:10] INFO: [3/9] Collecting GPU Metrics...
[2025-12-17 08:03:10] INFO: [4/9] Collecting Disk Metrics...
[2025-12-17 08:03:10] INFO: [5/9] Collecting SMART Status...
[2025-12-17 08:03:10] INFO: [9/9] Checking Alerts...
[2025-12-17 08:03:10] WARNING: High Disk Usage: 97%
[2025-12-17 08:03:16] INFO: [4/9] Collecting ROM/BIOS Info...
[2025-12-17 08:03:17] INFO: [1/9] Collecting CPU Metrics...
[2025-12-17 08:03:18] INFO: [2/9] Collecting Memory Metrics...
[2025-12-17 08:03:18] INFO: [6/9] Collecting Network Metrics (Speed)...
[2025-12-17 08:03:20] INFO: [7/9] Collecting System Info...
[2025-12-17 08:03:20] INFO: [8/9] Collecting Top Processes...
[2025-12-17 08:03:20] INFO: [3/9] Collecting GPU Metrics...
[2025-12-17 08:03:21] INFO: [4/9] Collecting Disk Metrics...
[2025-12-17 08:03:21] INFO: [5/9] Collecting SMART Status...
[2025-12-17 08:03:21] INFO: [9/9] Checking Alerts...
[2025-12-17 08:03:21] WARNING: High Disk Usage: 97%
[2025-12-17 08:03:27] INFO: [4/9] Collecting ROM/BIOS Info...
[2025-12-17 08:03:28] INFO: [1/9] Collecting CPU Metrics...
[2025-12-17 08:03:29] INFO: [2/9] Collecting Memory Metrics...
[2025-12-17 08:03:30] INFO: [6/9] Collecting Network Metrics (Speed)...
[2025-12-17 08:03:31] INFO: [7/9] Collecting System Info...
[2025-12-17 08:03:31] INFO: [8/9] Collecting Top Processes...
[2025-12-17 08:03:32] INFO: [3/9] Collecting GPU Metrics...
[2025-12-17 08:03:32] INFO: [4/9] Collecting Disk Metrics...
[2025-12-17 08:03:32] INFO: [5/9] Collecting SMART Status...
[2025-12-17 08:03:32] INFO: [9/9] Checking Alerts...
[2025-12-17 08:03:32] WARNING: High Disk Usage: 97%
[2025-12-17 08:03:38] INFO: [4/9] Collecting ROM/BIOS Info...
[2025-12-17 08:03:39] INFO: [1/9] Collecting CPU Metrics...
[2025-12-17 08:03:40] INFO: [2/9] Collecting Memory Metrics...
[2025-12-17 08:03:40] INFO: [6/9] Collecting Network Metrics (Speed)...
[2025-12-17 08:03:42] INFO: [7/9] Collecting System Info...
[2025-12-17 08:03:42] INFO: [8/9] Collecting Top Processes...
[2025-12-17 08:03:42] INFO: [3/9] Collecting GPU Metrics...
[2025-12-17 08:03:43] INFO: [4/9] Collecting Disk Metrics...
[2025-12-17 08:03:43] INFO: [5/9] Collecting SMART Status...
[2025-12-17 08:03:43] INFO: [9/9] Checking Alerts...
[2025-12-17 08:03:43] WARNING: High Disk Usage: 97%
[2025-12-17 08:03:49] INFO: [4/9] Collecting ROM/BIOS Info...
[2025-12-17 08:03:50] INFO: [1/9] Collecting CPU Metrics...
[2025-12-17 08:03:51] INFO: [2/9] Collecting Memory Metrics...
[2025-12-17 08:03:51] INFO: [6/9] Collecting Network Metrics (Speed)...
[2025-12-17 08:03:53] INFO: [7/9] Collecting System Info...
[2025-12-17 08:03:53] INFO: [8/9] Collecting Top Processes...
[2025-12-17 08:03:53] INFO: [3/9] Collecting GPU Metrics...
[2025-12-17 08:03:54] INFO: [4/9] Collecting Disk Metrics...
[2025-12-17 08:03:54] INFO: [5/9] Collecting SMART Status...
[2025-12-17 08:03:54] INFO: [9/9] Checking Alerts...
[2025-12-17 08:03:54] WARNING: High Disk Usage: 97%
[2025-12-17 08:04:00] INFO: [4/9] Collecting ROM/BIOS Info...
[2025-12-17 08:04:01] INFO: [1/9] Collecting CPU Metrics...
[2025-12-17 08:04:03] INFO: [2/9] Collecting Memory Metrics...
[2025-12-17 08:04:03] INFO: [6/9] Collecting Network Metrics (Speed)...
[2025-12-17 08:04:04] INFO: [7/9] Collecting System Info...
[2025-12-17 08:04:04] INFO: [8/9] Collecting Top Processes...
[2025-12-17 08:04:05] INFO: [3/9] Collecting GPU Metrics...
[2025-12-17 08:04:05] INFO: [4/9] Collecting Disk Metrics...
[2025-12-17 08:04:05] INFO: [5/9] Collecting SMART Status...
[2025-12-17 08:04:05] INFO: [9/9] Checking Alerts...
[2025-12-17 08:04:05] WARNING: High Disk Usage: 97%
[2025-12-17 08:04:11] INFO: [4/9] Collecting ROM/BIOS Info...
[2025-12-17 08:04:12] INFO: [1/9] Collecting CPU Metrics...
[2025-12-17 08:04:14] INFO: [2/9] Collecting Memory Metrics...
[2025-12-17 08:04:14] INFO: [6/9] Collecting Network Metrics (Speed)...
[2025-12-17 08:04:15] INFO: [7/9] Collecting System Info...
[2025-12-17 08:04:15] INFO: [8/9] Collecting Top Processes...
[2025-12-17 08:04:16] INFO: [3/9] Collecting GPU Metrics...
[2025-12-17 08:04:16] INFO: [4/9] Collecting Disk Metrics...
[2025-12-17 08:04:16] INFO: [5/9] Collecting SMART Status...
[2025-12-17 08:04:16] INFO: [9/9] Checking Alerts...
[2025-12-17 08:04:17] WARNING: High Disk Usage: 97%
[2025-12-17 08:04:23] INFO: [4/9] Collecting ROM/BIOS Info...
[2025-12-17 08:04:23] INFO: [1/9] Collecting CPU Metrics...
[2025-12-17 08:04:25] INFO: [2/9] Collecting Memory Metrics...
[2025-12-17 08:04:25] INFO: [6/9] Collecting Network Metrics (Speed)...
[2025-12-17 08:04:27] INFO: [7/9] Collecting System Info...
[2025-12-17 08:04:27] INFO: [8/9] Collecting Top Processes...
[2025-12-17 08:04:27] INFO: [3/9] Collecting GPU Metrics...
[2025-12-17 08:04:27] INFO: [4/9] Collecting Disk Metrics...
[2025-12-17 08:04:28] INFO: [5/9] Collecting SMART Status...
[2025-12-17 08:04:28] INFO: [9/9] Checking Alerts...
[2025-12-17 08:04:28] WARNING: High Disk Usage: 97%
[2025-12-17 08:04:34] INFO: [4/9] Collecting ROM/BIOS Info...
[2025-12-17 08:04:35] INFO: [1/9] Collecting CPU Metrics...
[2025-12-17 08:04:36] INFO: [2/9] Collecting Memory Metrics...
[2025-12-17 08:04:36] INFO: [6/9] Collecting Network Metrics (Speed)...
[2025-12-17 08:04:38] INFO: [7/9] Collecting System Info...
[2025-12-17 08:04:38] INFO: [8/9] Collecting Top Processes...
[2025-12-17 08:04:38] INFO: [3/9] Collecting GPU Metrics...
[2025-12-17 08:04:39] INFO: [4/9] Collecting Disk Metrics...
[2025-12-17 08:04:39] INFO: [5/9] Collecting SMART Status...
[2025-12-17 08:04:39] INFO: [9/9] Checking Alerts...
[2025-12-17 08:04:39] WARNING: High Disk Usage: 97%
[2025-12-17 08:04:45] INFO: [4/9] Collecting ROM/BIOS Info...
[2025-12-17 08:04:46] INFO: [1/9] Collecting CPU Metrics...
[2025-12-17 08:04:47] INFO: [2/9] Collecting Memory Metrics...
[2025-12-17 08:04:47] INFO: [6/9] Collecting Network Metrics (Speed)...
[2025-12-17 08:04:49] INFO: [7/9] Collecting System Info...
[2025-12-17 08:04:49] INFO: [8/9] Collecting Top Processes...
[2025-12-17 08:04:50] INFO: [3/9] Collecting GPU Metrics...
[2025-12-17 08:04:50] INFO: [4/9] Collecting Disk Metrics...
[2025-12-17 08:04:50] INFO: [5/9] Collecting SMART Status...
[2025-12-17 08:04:50] INFO: [9/9] Checking Alerts...
[2025-12-17 08:04:50] WARNING: High Disk Usage: 97%
[2025-12-17 08:04:56] INFO: [4/9] Collecting ROM/BIOS Info...
[2025-12-17 08:04:57] INFO: [1/9] Collecting CPU Metrics...
[2025-12-17 08:04:59] INFO: [2/9] Collecting Memory Metrics...
[2025-12-17 08:04:59] INFO: [6/9] Collecting Network Metrics (Speed)...
[2025-12-17 08:05:00] INFO: [7/9] Collecting System Info...
[2025-12-17 08:05:00] INFO: [8/9] Collecting Top Processes...
[2025-12-17 08:05:01] INFO: [3/9] Collecting GPU Metrics...
[2025-12-17 08:05:01] INFO: [4/9] Collecting Disk Metrics...
[2025-12-17 08:05:02] INFO: [5/9] Collecting SMART Status...
[2025-12-17 08:05:02] INFO: [9/9] Checking Alerts...
[2025-12-17 08:05:02] WARNING: High Disk Usage: 97%
[2025-12-17 08:05:08] INFO: [4/9] Collecting ROM/BIOS Info...
[2025-12-17 08:05:08] INFO: [1/9] Collecting CPU Metrics...
[2025-12-17 08:05:10] INFO: [2/9] Collecting Memory Metrics...
[2025-12-17 08:05:10] INFO: [6/9] Collecting Network Metrics (Speed)...
[2025-12-17 08:05:12] INFO: [7/9] Collecting System Info...
[2025-12-17 08:05:12] INFO: [8/9] Collecting Top Processes...
[2025-12-17 08:05:12] INFO: [3/9] Collecting GPU Metrics...
[2025-12-17 08:05:13] INFO: [4/9] Collecting Disk Metrics...
[2025-12-17 08:05:13] INFO: [5/9] Collecting SMART Status...
[2025-12-17 08:05:13] INFO: [9/9] Checking Alerts...
[2025-12-17 08:05:13] WARNING: High Disk Usage: 97%
[2025-12-17 08:05:19] INFO: [4/9] Collecting ROM/BIOS Info...
[2025-12-17 08:05:20] INFO: [1/9] Collecting CPU Metrics...
[2025-12-17 08:05:21] INFO: [2/9] Collecting Memory Metrics...
[2025-12-17 08:05:21] INFO: [6/9] Collecting Network Metrics (Speed)...
[2025-12-17 08:05:22] INFO: [4/9] Collecting ROM/BIOS Info...
[2025-12-17 08:05:22] INFO: [1/9] Collecting CPU Metrics...
[2025-12-17 08:05:23] INFO: [7/9] Collecting System Info...
[2025-12-17 08:05:23] INFO: [8/9] Collecting Top Processes...
[2025-12-17 08:05:23] INFO: [3/9] Collecting GPU Metrics...
[2025-12-17 08:05:24] INFO: [4/9] Collecting Disk Metrics...
[2025-12-17 08:05:24] INFO: [5/9] Collecting SMART Status...
[2025-12-17 08:05:24] INFO: [9/9] Checking Alerts...
[2025-12-17 08:05:24] WARNING: High Disk Usage: 97%
[2025-12-17 08:05:24] INFO: [2/9] Collecting Memory Metrics...
[2025-12-17 08:05:24] INFO: [6/9] Collecting Network Metrics (Speed)...
[2025-12-17 08:05:26] INFO: [7/9] Collecting System Info...
[2025-12-17 08:05:26] INFO: [8/9] Collecting Top Processes...
[2025-12-17 08:05:26] INFO: [3/9] Collecting GPU Metrics...
[2025-12-17 08:05:26] INFO: [4/9] Collecting Disk Metrics...
[2025-12-17 08:05:27] INFO: [5/9] Collecting SMART Status...
[2025-12-17 08:05:27] INFO: [9/9] Checking Alerts...
[2025-12-17 08:05:27] WARNING: High Disk Usage: 97%
[2025-12-17 08:05:30] INFO: [4/9] Collecting ROM/BIOS Info...
[2025-12-17 08:05:31] INFO: [1/9] Collecting CPU Metrics...
[2025-12-17 08:05:32] INFO: [2/9] Collecting Memory Metrics...
[2025-12-17 08:05:33] INFO: [6/9] Collecting Network Metrics (Speed)...
[2025-12-17 08:05:34] INFO: [7/9] Collecting System Info...
[2025-12-17 08:05:34] INFO: [8/9] Collecting Top Processes...
[2025-12-17 08:05:35] INFO: [3/9] Collecting GPU Metrics...
[2025-12-17 08:05:35] INFO: [4/9] Collecting Disk Metrics...
[2025-12-17 08:05:35] INFO: [5/9] Collecting SMART Status...
[2025-12-17 08:05:35] INFO: [9/9] Checking Alerts...
[2025-12-17 08:05:35] WARNING: High Disk Usage: 97%
[2025-12-17 08:05:41] INFO: [4/9] Collecting ROM/BIOS Info...
[2025-12-17 08:05:42] INFO: [1/9] Collecting CPU Metrics...
[2025-12-17 08:05:44] INFO: [2/9] Collecting Memory Metrics...
[2025-12-17 08:05:44] INFO: [6/9] Collecting Network Metrics (Speed)...
[2025-12-17 08:05:45] INFO: [7/9] Collecting System Info...
[2025-12-17 08:05:45] INFO: [8/9] Collecting Top Processes...
[2025-12-17 08:05:46] INFO: [3/9] Collecting GPU Metrics...
[2025-12-17 08:05:46] INFO: [4/9] Collecting Disk Metrics...
[2025-12-17 08:05:46] INFO: [5/9] Collecting SMART Status...
[2025-12-17 08:05:46] INFO: [9/9] Checking Alerts...
[2025-12-17 08:05:46] WARNING: High Disk Usage: 97%
[2025-12-17 08:05:52] INFO: [4/9] Collecting ROM/BIOS Info...
[2025-12-17 08:05:53] INFO: [1/9] Collecting CPU Metrics...
[2025-12-17 08:05:55] INFO: [2/9] Collecting Memory Metrics...
[2025-12-17 08:05:55] INFO: [6/9] Collecting Network Metrics (Speed)...
[2025-12-17 08:05:56] INFO: [7/9] Collecting System Info...
[2025-12-17 08:05:56] INFO: [8/9] Collecting Top Processes...
[2025-12-17 08:05:57] INFO: [3/9] Collecting GPU Metrics...
[2025-12-17 08:05:57] INFO: [4/9] Collecting Disk Metrics...
[2025-12-17 08:05:57] INFO: [5/9] Collecting SMART Status...
[2025-12-17 08:05:57] INFO: [9/9] Checking Alerts...
[2025-12-17 08:05:57] WARNING: High Disk Usage: 97%
[2025-12-17 08:06:04] INFO: [4/9] Collecting ROM/BIOS Info...
[2025-12-17 08:06:04] INFO: [1/9] Collecting CPU Metrics...
[2025-12-17 08:06:06] INFO: [2/9] Collecting Memory Metrics...
[2025-12-17 08:06:06] INFO: [6/9] Collecting Network Metrics (Speed)...
[2025-12-17 08:06:07] INFO: [7/9] Collecting System Info...
[2025-12-17 08:06:08] INFO: [8/9] Collecting Top Processes...
[2025-12-17 08:06:08] INFO: [3/9] Collecting GPU Metrics...
[2025-12-17 08:06:08] INFO: [4/9] Collecting Disk Metrics...
[2025-12-17 08:06:08] INFO: [5/9] Collecting SMART Status...
[2025-12-17 08:06:08] INFO: [9/9] Checking Alerts...
[2025-12-17 08:06:08] WARNING: High Disk Usage: 97%
[2025-12-17 08:06:15] INFO: [4/9] Collecting ROM/BIOS Info...
[2025-12-17 08:06:15] INFO: [1/9] Collecting CPU Metrics...
[2025-12-17 08:06:17] INFO: [2/9] Collecting Memory Metrics...
[2025-12-17 08:06:17] INFO: [6/9] Collecting Network Metrics (Speed)...
[2025-12-17 08:06:19] INFO: [7/9] Collecting System Info...
[2025-12-17 08:06:19] INFO: [8/9] Collecting Top Processes...
[2025-12-17 08:06:19] INFO: [3/9] Collecting GPU Metrics...
[2025-12-17 08:06:20] INFO: [4/9] Collecting Disk Metrics...
[2025-12-17 08:06:20] INFO: [5/9] Collecting SMART Status...
[2025-12-17 08:06:20] INFO: [9/9] Checking Alerts...
[2025-12-17 08:06:20] WARNING: High Disk Usage: 97%
[2025-12-17 08:06:26] INFO: [4/9] Collecting ROM/BIOS Info...
[2025-12-17 08:06:27] INFO: [1/9] Collecting CPU Metrics...
[2025-12-17 08:06:28] INFO: [2/9] Collecting Memory Metrics...
[2025-12-17 08:06:29] INFO: [6/9] Collecting Network Metrics (Speed)...
[2025-12-17 08:06:30] INFO: [7/9] Collecting System Info...
[2025-12-17 08:06:30] INFO: [8/9] Collecting Top Processes...
[2025-12-17 08:06:31] INFO: [3/9] Collecting GPU Metrics...
[2025-12-17 08:06:31] INFO: [4/9] Collecting Disk Metrics...
[2025-12-17 08:06:31] INFO: [5/9] Collecting SMART Status...
[2025-12-17 08:06:31] INFO: [9/9] Checking Alerts...
[2025-12-17 08:06:31] WARNING: High Disk Usage: 97%
[2025-12-17 08:06:37] INFO: [4/9] Collecting ROM/BIOS Info...
[2025-12-17 08:06:38] INFO: [1/9] Collecting CPU Metrics...
[2025-12-17 08:06:39] INFO: [2/9] Collecting Memory Metrics...
[2025-12-17 08:06:39] INFO: [6/9] Collecting Network Metrics (Speed)...
[2025-12-17 08:06:41] INFO: [7/9] Collecting System Info...
[2025-12-17 08:06:41] INFO: [8/9] Collecting Top Processes...
[2025-12-17 08:06:41] INFO: [3/9] Collecting GPU Metrics...
[2025-12-17 08:06:42] INFO: [4/9] Collecting Disk Metrics...
[2025-12-17 08:06:42] INFO: [5/9] Collecting SMART Status...
[2025-12-17 08:06:42] INFO: [9/9] Checking Alerts...
[2025-12-17 08:06:42] WARNING: High Disk Usage: 97%
[2025-12-17 08:06:48] INFO: [4/9] Collecting ROM/BIOS Info...
[2025-12-17 08:06:49] INFO: [1/9] Collecting CPU Metrics...
[2025-12-17 08:06:50] INFO: [2/9] Collecting Memory Metrics...
[2025-12-17 08:06:50] INFO: [6/9] Collecting Network Metrics (Speed)...
[2025-12-17 08:06:52] INFO: [7/9] Collecting System Info...
[2025-12-17 08:06:52] INFO: [8/9] Collecting Top Processes...
[2025-12-17 08:06:52] INFO: [3/9] Collecting GPU Metrics...
[2025-12-17 08:06:52] INFO: [4/9] Collecting Disk Metrics...
[2025-12-17 08:06:53] INFO: [5/9] Collecting SMART Status...
[2025-12-17 08:06:53] INFO: [9/9] Checking Alerts...
[2025-12-17 08:06:53] WARNING: High Disk Usage: 97%
[2025-12-17 08:06:59] INFO: [4/9] Collecting ROM/BIOS Info...
[2025-12-17 08:06:59] INFO: [1/9] Collecting CPU Metrics...
[2025-12-17 08:07:01] INFO: [2/9] Collecting Memory Metrics...
[2025-12-17 08:07:01] INFO: [6/9] Collecting Network Metrics (Speed)...
[2025-12-17 08:07:02] INFO: [7/9] Collecting System Info...
[2025-12-17 08:07:02] INFO: [8/9] Collecting Top Processes...
[2025-12-17 08:07:03] INFO: [3/9] Collecting GPU Metrics...
[2025-12-17 08:07:03] INFO: [4/9] Collecting Disk Metrics...
[2025-12-17 08:07:03] INFO: [5/9] Collecting SMART Status...
[2025-12-17 08:07:03] INFO: [9/9] Checking Alerts...
[2025-12-17 08:07:03] WARNING: High Disk Usage: 97%
[2025-12-17 08:07:09] INFO: [4/9] Collecting ROM/BIOS Info...
[2025-12-17 08:07:10] INFO: [1/9] Collecting CPU Metrics...
[2025-12-17 08:07:11] INFO: [2/9] Collecting Memory Metrics...
[2025-12-17 08:07:12] INFO: [6/9] Collecting Network Metrics (Speed)...
[2025-12-17 08:07:13] INFO: [7/9] Collecting System Info...
[2025-12-17 08:07:13] INFO: [8/9] Collecting Top Processes...
[2025-12-17 08:07:13] INFO: [3/9] Collecting GPU Metrics...
[2025-12-17 08:07:14] INFO: [4/9] Collecting Disk Metrics...
[2025-12-17 08:07:14] INFO: [5/9] Collecting SMART Status...
[2025-12-17 08:07:14] INFO: [9/9] Checking Alerts...
[2025-12-17 08:07:14] WARNING: High Disk Usage: 97%
[2025-12-17 08:07:20] INFO: [4/9] Collecting ROM/BIOS Info...
[2025-12-17 08:07:21] INFO: [1/9] Collecting CPU Metrics...
[2025-12-17 08:07:22] INFO: [2/9] Collecting Memory Metrics...
[2025-12-17 08:07:22] INFO: [6/9] Collecting Network Metrics (Speed)...
[2025-12-17 08:07:24] INFO: [7/9] Collecting System Info...
[2025-12-17 08:07:24] INFO: [8/9] Collecting Top Processes...
[2025-12-17 08:07:24] INFO: [3/9] Collecting GPU Metrics...
[2025-12-17 08:07:25] INFO: [4/9] Collecting Disk Metrics...
[2025-12-17 08:07:25] INFO: [5/9] Collecting SMART Status...
[2025-12-17 08:07:25] INFO: [9/9] Checking Alerts...
[2025-12-17 08:07:25] WARNING: High Disk Usage: 97%
[2025-12-17 08:07:31] INFO: [4/9] Collecting ROM/BIOS Info...
[2025-12-17 08:07:32] INFO: [1/9] Collecting CPU Metrics...
[2025-12-17 08:07:33] INFO: [2/9] Collecting Memory Metrics...
[2025-12-17 08:07:33] INFO: [6/9] Collecting Network Metrics (Speed)...
[2025-12-17 08:07:35] INFO: [7/9] Collecting System Info...
[2025-12-17 08:07:35] INFO: [8/9] Collecting Top Processes...
[2025-12-17 08:07:35] INFO: [3/9] Collecting GPU Metrics...
[2025-12-17 08:07:36] INFO: [4/9] Collecting Disk Metrics...
[2025-12-17 08:07:36] INFO: [5/9] Collecting SMART Status...
[2025-12-17 08:07:36] INFO: [9/9] Checking Alerts...
[2025-12-17 08:07:36] WARNING: High Disk Usage: 97%
[2025-12-17 08:07:42] INFO: [4/9] Collecting ROM/BIOS Info...
[2025-12-17 08:07:43] INFO: [1/9] Collecting CPU Metrics...
[2025-12-17 08:07:44] INFO: [2/9] Collecting Memory Metrics...
[2025-12-17 08:07:44] INFO: [6/9] Collecting Network Metrics (Speed)...
[2025-12-17 08:07:46] INFO: [7/9] Collecting System Info...
[2025-12-17 08:07:46] INFO: [8/9] Collecting Top Processes...
[2025-12-17 08:07:46] INFO: [3/9] Collecting GPU Metrics...
[2025-12-17 08:07:47] INFO: [4/9] Collecting Disk Metrics...
[2025-12-17 08:07:47] INFO: [5/9] Collecting SMART Status...
[2025-12-17 08:07:47] INFO: [9/9] Checking Alerts...
[2025-12-17 08:07:47] WARNING: High Disk Usage: 97%
[2025-12-17 08:07:53] INFO: [4/9] Collecting ROM/BIOS Info...
[2025-12-17 08:07:54] INFO: [1/9] Collecting CPU Metrics...
[2025-12-17 08:07:55] INFO: [2/9] Collecting Memory Metrics...
[2025-12-17 08:07:55] INFO: [6/9] Collecting Network Metrics (Speed)...
[2025-12-17 08:07:57] INFO: [7/9] Collecting System Info...
[2025-12-17 08:07:57] INFO: [8/9] Collecting Top Processes...
[2025-12-17 08:07:57] INFO: [3/9] Collecting GPU Metrics...
[2025-12-17 08:07:57] INFO: [4/9] Collecting Disk Metrics...
[2025-12-17 08:07:58] INFO: [5/9] Collecting SMART Status...
[2025-12-17 08:07:58] INFO: [9/9] Checking Alerts...
[2025-12-17 08:07:58] WARNING: High Disk Usage: 97%
[2025-12-17 08:08:04] INFO: [4/9] Collecting ROM/BIOS Info...
[2025-12-17 08:08:04] INFO: [1/9] Collecting CPU Metrics...
[2025-12-17 08:08:06] INFO: [2/9] Collecting Memory Metrics...
[2025-12-17 08:08:06] INFO: [6/9] Collecting Network Metrics (Speed)...
[2025-12-17 08:08:08] INFO: [7/9] Collecting System Info...
[2025-12-17 08:08:08] INFO: [8/9] Collecting Top Processes...
[2025-12-17 08:08:08] INFO: [3/9] Collecting GPU Metrics...
[2025-12-17 08:08:08] INFO: [4/9] Collecting Disk Metrics...
[2025-12-17 08:08:08] INFO: [5/9] Collecting SMART Status...
[2025-12-17 08:08:08] INFO: [9/9] Checking Alerts...
[2025-12-17 08:08:09] WARNING: High Disk Usage: 97%
[2025-12-17 08:08:15] INFO: [4/9] Collecting ROM/BIOS Info...
[2025-12-17 08:08:15] INFO: [1/9] Collecting CPU Metrics...
[2025-12-17 08:08:17] INFO: [2/9] Collecting Memory Metrics...
[2025-12-17 08:08:17] INFO: [6/9] Collecting Network Metrics (Speed)...
[2025-12-17 08:08:19] INFO: [7/9] Collecting System Info...
[2025-12-17 08:08:19] INFO: [8/9] Collecting Top Processes...
[2025-12-17 08:08:19] INFO: [3/9] Collecting GPU Metrics...
[2025-12-17 08:08:19] INFO: [4/9] Collecting Disk Metrics...
[2025-12-17 08:08:20] INFO: [5/9] Collecting SMART Status...
[2025-12-17 08:08:20] INFO: [9/9] Checking Alerts...
[2025-12-17 08:08:20] WARNING: High Disk Usage: 97%
[2025-12-17 08:08:26] INFO: [4/9] Collecting ROM/BIOS Info...
[2025-12-17 08:08:27] INFO: [1/9] Collecting CPU Metrics...
[2025-12-17 08:08:28] INFO: [2/9] Collecting Memory Metrics...
[2025-12-17 08:08:28] INFO: [6/9] Collecting Network Metrics (Speed)...
[2025-12-17 08:08:30] INFO: [7/9] Collecting System Info...
[2025-12-17 08:08:30] INFO: [8/9] Collecting Top Processes...
[2025-12-17 08:08:30] INFO: [3/9] Collecting GPU Metrics...
[2025-12-17 08:08:30] INFO: [4/9] Collecting Disk Metrics...
[2025-12-17 08:08:31] INFO: [5/9] Collecting SMART Status...
[2025-12-17 08:08:31] INFO: [9/9] Checking Alerts...
[2025-12-17 08:08:31] WARNING: High Disk Usage: 97%
[2025-12-17 08:08:37] INFO: [4/9] Collecting ROM/BIOS Info...
[2025-12-17 08:08:38] INFO: [1/9] Collecting CPU Metrics...
[2025-12-17 08:08:39] INFO: [2/9] Collecting Memory Metrics...
[2025-12-17 08:08:39] INFO: [6/9] Collecting Network Metrics (Speed)...
[2025-12-17 08:08:41] INFO: [7/9] Collecting System Info...
[2025-12-17 08:08:41] INFO: [8/9] Collecting Top Processes...
[2025-12-17 08:08:41] INFO: [3/9] Collecting GPU Metrics...
[2025-12-17 08:08:42] INFO: [4/9] Collecting Disk Metrics...
[2025-12-17 08:08:42] INFO: [5/9] Collecting SMART Status...
[2025-12-17 08:08:42] INFO: [9/9] Checking Alerts...
[2025-12-17 08:08:42] WARNING: High Disk Usage: 97%
[2025-12-17 08:08:48] INFO: [4/9] Collecting ROM/BIOS Info...
[2025-12-17 08:08:49] INFO: [1/9] Collecting CPU Metrics...
[2025-12-17 08:08:50] INFO: [2/9] Collecting Memory Metrics...
[2025-12-17 08:08:51] INFO: [6/9] Collecting Network Metrics (Speed)...
[2025-12-17 08:08:52] INFO: [7/9] Collecting System Info...
[2025-12-17 08:08:52] INFO: [8/9] Collecting Top Processes...
[2025-12-17 08:08:53] INFO: [3/9] Collecting GPU Metrics...
[2025-12-17 08:08:53] INFO: [4/9] Collecting Disk Metrics...
[2025-12-17 08:08:53] INFO: [5/9] Collecting SMART Status...
[2025-12-17 08:08:53] INFO: [9/9] Checking Alerts...
[2025-12-17 08:08:53] WARNING: High Disk Usage: 97%
[2025-12-17 08:08:59] INFO: [4/9] Collecting ROM/BIOS Info...
[2025-12-17 08:09:00] INFO: [1/9] Collecting CPU Metrics...
[2025-12-17 08:09:02] INFO: [2/9] Collecting Memory Metrics...
[2025-12-17 08:09:02] INFO: [6/9] Collecting Network Metrics (Speed)...
[2025-12-17 08:09:04] INFO: [7/9] Collecting System Info...
[2025-12-17 08:09:04] INFO: [8/9] Collecting Top Processes...
[2025-12-17 08:09:04] INFO: [3/9] Collecting GPU Metrics...
[2025-12-17 08:09:04] INFO: [4/9] Collecting Disk Metrics...
[2025-12-17 08:09:05] INFO: [5/9] Collecting SMART Status...
[2025-12-17 08:09:05] INFO: [9/9] Checking Alerts...
[2025-12-17 08:09:05] WARNING: High Disk Usage: 97%
[2025-12-17 08:09:11] INFO: [4/9] Collecting ROM/BIOS Info...
[2025-12-17 08:09:12] INFO: [1/9] Collecting CPU Metrics...
[2025-12-17 08:09:13] INFO: [2/9] Collecting Memory Metrics...
[2025-12-17 08:09:13] INFO: [6/9] Collecting Network Metrics (Speed)...
[2025-12-17 08:09:15] INFO: [7/9] Collecting System Info...
[2025-12-17 08:09:15] INFO: [8/9] Collecting Top Processes...
[2025-12-17 08:09:15] INFO: [3/9] Collecting GPU Metrics...
[2025-12-17 08:09:16] INFO: [4/9] Collecting Disk Metrics...
[2025-12-17 08:09:16] INFO: [5/9] Collecting SMART Status...
[2025-12-17 08:09:16] INFO: [9/9] Checking Alerts...
[2025-12-17 08:09:16] WARNING: High Disk Usage: 97%
[2025-12-17 08:09:22] INFO: [4/9] Collecting ROM/BIOS Info...
[2025-12-17 08:09:23] INFO: [1/9] Collecting CPU Metrics...
[2025-12-17 08:09:25] INFO: [2/9] Collecting Memory Metrics...
[2025-12-17 08:09:25] INFO: [6/9] Collecting Network Metrics (Speed)...
[2025-12-17 08:09:26] INFO: [7/9] Collecting System Info...
[2025-12-17 08:09:26] INFO: [8/9] Collecting Top Processes...
[2025-12-17 08:09:27] INFO: [3/9] Collecting GPU Metrics...
[2025-12-17 08:09:27] INFO: [4/9] Collecting Disk Metrics...
[2025-12-17 08:09:27] INFO: [5/9] Collecting SMART Status...
[2025-12-17 08:09:27] INFO: [9/9] Checking Alerts...
[2025-12-17 08:09:27] WARNING: High Disk Usage: 97%
[2025-12-17 08:09:34] INFO: [4/9] Collecting ROM/BIOS Info...
[2025-12-17 08:09:34] INFO: [1/9] Collecting CPU Metrics...
[2025-12-17 08:09:36] INFO: [2/9] Collecting Memory Metrics...
[2025-12-17 08:09:36] INFO: [6/9] Collecting Network Metrics (Speed)...
[2025-12-17 08:09:38] INFO: [7/9] Collecting System Info...
[2025-12-17 08:09:38] INFO: [8/9] Collecting Top Processes...
[2025-12-17 08:09:38] INFO: [3/9] Collecting GPU Metrics...
[2025-12-17 08:09:39] INFO: [4/9] Collecting Disk Metrics...
[2025-12-17 08:09:39] INFO: [5/9] Collecting SMART Status...
[2025-12-17 08:09:39] INFO: [9/9] Checking Alerts...
[2025-12-17 08:09:39] WARNING: High Disk Usage: 97%
[2025-12-17 08:09:45] INFO: [4/9] Collecting ROM/BIOS Info...
[2025-12-17 08:09:46] INFO: [1/9] Collecting CPU Metrics...
[2025-12-17 08:09:48] INFO: [2/9] Collecting Memory Metrics...
[2025-12-17 08:09:48] INFO: [6/9] Collecting Network Metrics (Speed)...
[2025-12-17 08:09:49] INFO: [7/9] Collecting System Info...
[2025-12-17 08:09:49] INFO: [8/9] Collecting Top Processes...
[2025-12-17 08:09:50] INFO: [3/9] Collecting GPU Metrics...
[2025-12-17 08:09:50] INFO: [4/9] Collecting Disk Metrics...
[2025-12-17 08:09:50] INFO: [5/9] Collecting SMART Status...
[2025-12-17 08:09:50] INFO: [9/9] Checking Alerts...
[2025-12-17 08:09:50] WARNING: High Disk Usage: 97%
[2025-12-17 08:09:57] INFO: [4/9] Collecting ROM/BIOS Info...
[2025-12-17 08:09:57] INFO: [1/9] Collecting CPU Metrics...
[2025-12-17 08:09:59] INFO: [2/9] Collecting Memory Metrics...
[2025-12-17 08:09:59] INFO: [6/9] Collecting Network Metrics (Speed)...
[2025-12-17 08:10:01] INFO: [7/9] Collecting System Info...
[2025-12-17 08:10:01] INFO: [8/9] Collecting Top Processes...
[2025-12-17 08:10:01] INFO: [3/9] Collecting GPU Metrics...
[2025-12-17 08:10:01] INFO: [4/9] Collecting Disk Metrics...
[2025-12-17 08:10:02] INFO: [5/9] Collecting SMART Status...
[2025-12-17 08:10:02] INFO: [9/9] Checking Alerts...
[2025-12-17 08:10:02] WARNING: High Disk Usage: 97%
[2025-12-17 08:10:08] INFO: [4/9] Collecting ROM/BIOS Info...
[2025-12-17 08:10:09] INFO: [1/9] Collecting CPU Metrics...
[2025-12-17 08:10:10] INFO: [2/9] Collecting Memory Metrics...
[2025-12-17 08:10:11] INFO: [6/9] Collecting Network Metrics (Speed)...
[2025-12-17 08:10:12] INFO: [7/9] Collecting System Info...
[2025-12-17 08:10:12] INFO: [8/9] Collecting Top Processes...
[2025-12-17 08:10:13] INFO: [3/9] Collecting GPU Metrics...
[2025-12-17 08:10:13] INFO: [4/9] Collecting Disk Metrics...
[2025-12-17 08:10:13] INFO: [5/9] Collecting SMART Status...
[2025-12-17 08:10:13] INFO: [9/9] Checking Alerts...
[2025-12-17 08:10:13] WARNING: High Disk Usage: 97%
[2025-12-17 08:10:19] INFO: [4/9] Collecting ROM/BIOS Info...
[2025-12-17 08:10:20] INFO: [1/9] Collecting CPU Metrics...
[2025-12-17 08:10:22] INFO: [2/9] Collecting Memory Metrics...
[2025-12-17 08:10:22] INFO: [6/9] Collecting Network Metrics (Speed)...
[2025-12-17 08:10:23] INFO: [7/9] Collecting System Info...
[2025-12-17 08:10:23] INFO: [8/9] Collecting Top Processes...
[2025-12-17 08:10:24] INFO: [3/9] Collecting GPU Metrics...
[2025-12-17 08:10:24] INFO: [4/9] Collecting Disk Metrics...
[2025-12-17 08:10:24] INFO: [5/9] Collecting SMART Status...
[2025-12-17 08:10:24] INFO: [9/9] Checking Alerts...
[2025-12-17 08:10:24] WARNING: High Disk Usage: 97%
[2025-12-17 08:10:30] INFO: [4/9] Collecting ROM/BIOS Info...
[2025-12-17 08:10:31] INFO: [1/9] Collecting CPU Metrics...
[2025-12-17 08:10:32] INFO: [2/9] Collecting Memory Metrics...
[2025-12-17 08:10:33] INFO: [6/9] Collecting Network Metrics (Speed)...
[2025-12-17 08:10:34] INFO: [7/9] Collecting System Info...
[2025-12-17 08:10:34] INFO: [8/9] Collecting Top Processes...
[2025-12-17 08:10:34] INFO: [3/9] Collecting GPU Metrics...
[2025-12-17 08:10:35] INFO: [4/9] Collecting Disk Metrics...
[2025-12-17 08:10:35] INFO: [5/9] Collecting SMART Status...
[2025-12-17 08:10:35] INFO: [9/9] Checking Alerts...
[2025-12-17 08:10:35] WARNING: High Disk Usage: 97%
[2025-12-17 08:10:41] INFO: [4/9] Collecting ROM/BIOS Info...
[2025-12-17 08:10:42] INFO: [1/9] Collecting CPU Metrics...
[2025-12-17 08:10:43] INFO: [2/9] Collecting Memory Metrics...
[2025-12-17 08:10:44] INFO: [6/9] Collecting Network Metrics (Speed)...
[2025-12-17 08:10:45] INFO: [7/9] Collecting System Info...
[2025-12-17 08:10:45] INFO: [8/9] Collecting Top Processes...
[2025-12-17 08:10:46] INFO: [3/9] Collecting GPU Metrics...
[2025-12-17 08:10:46] INFO: [4/9] Collecting Disk Metrics...
[2025-12-17 08:10:46] INFO: [5/9] Collecting SMART Status...
[2025-12-17 08:10:46] INFO: [9/9] Checking Alerts...
[2025-12-17 08:10:46] WARNING: High Disk Usage: 97%
[2025-12-17 08:10:52] INFO: [4/9] Collecting ROM/BIOS Info...
[2025-12-17 08:10:53] INFO: [1/9] Collecting CPU Metrics...
[2025-12-17 08:10:55] INFO: [2/9] Collecting Memory Metrics...
[2025-12-17 08:10:55] INFO: [6/9] Collecting Network Metrics (Speed)...
[2025-12-17 08:10:56] INFO: [7/9] Collecting System Info...
[2025-12-17 08:10:56] INFO: [8/9] Collecting Top Processes...
[2025-12-17 08:10:57] INFO: [3/9] Collecting GPU Metrics...
[2025-12-17 08:10:57] INFO: [4/9] Collecting Disk Metrics...
[2025-12-17 08:10:57] INFO: [5/9] Collecting SMART Status...
[2025-12-17 08:10:57] INFO: [9/9] Checking Alerts...
[2025-12-17 08:10:57] WARNING: High Disk Usage: 97%
[2025-12-17 08:11:03] INFO: [4/9] Collecting ROM/BIOS Info...
[2025-12-17 08:11:04] INFO: [1/9] Collecting CPU Metrics...
[2025-12-17 08:11:05] INFO: [2/9] Collecting Memory Metrics...
[2025-12-17 08:11:06] INFO: [6/9] Collecting Network Metrics (Speed)...
[2025-12-17 08:11:07] INFO: [7/9] Collecting System Info...
[2025-12-17 08:11:07] INFO: [8/9] Collecting Top Processes...
[2025-12-17 08:11:07] INFO: [3/9] Collecting GPU Metrics...
[2025-12-17 08:11:08] INFO: [4/9] Collecting Disk Metrics...
[2025-12-17 08:11:08] INFO: [5/9] Collecting SMART Status...
[2025-12-17 08:11:08] INFO: [9/9] Checking Alerts...
[2025-12-17 08:11:08] WARNING: High Disk Usage: 97%
[2025-12-17 08:11:14] INFO: [4/9] Collecting ROM/BIOS Info...
[2025-12-17 08:11:15] INFO: [1/9] Collecting CPU Metrics...
[2025-12-17 08:11:16] INFO: [2/9] Collecting Memory Metrics...
[2025-12-17 08:11:16] INFO: [6/9] Collecting Network Metrics (Speed)...
[2025-12-17 08:11:18] INFO: [7/9] Collecting System Info...
[2025-12-17 08:11:18] INFO: [8/9] Collecting Top Processes...
[2025-12-17 08:11:18] INFO: [3/9] Collecting GPU Metrics...
[2025-12-17 08:11:18] INFO: [4/9] Collecting Disk Metrics...
[2025-12-17 08:11:19] INFO: [5/9] Collecting SMART Status...
[2025-12-17 08:11:19] INFO: [9/9] Checking Alerts...
[2025-12-17 08:11:19] WARNING: High Disk Usage: 97%
[2025-12-17 08:11:25] INFO: [4/9] Collecting ROM/BIOS Info...
[2025-12-17 08:11:25] INFO: [1/9] Collecting CPU Metrics...
[2025-12-17 08:11:27] INFO: [2/9] Collecting Memory Metrics...
[2025-12-17 08:11:27] INFO: [6/9] Collecting Network Metrics (Speed)...
[2025-12-17 08:11:29] INFO: [7/9] Collecting System Info...
[2025-12-17 08:11:29] INFO: [8/9] Collecting Top Processes...
[2025-12-17 08:11:29] INFO: [3/9] Collecting GPU Metrics...
[2025-12-17 08:11:29] INFO: [4/9] Collecting Disk Metrics...
[2025-12-17 08:11:29] INFO: [5/9] Collecting SMART Status...
[2025-12-17 08:11:29] INFO: [9/9] Checking Alerts...
[2025-12-17 08:11:29] WARNING: High Disk Usage: 97%
[2025-12-17 08:11:36] INFO: [4/9] Collecting ROM/BIOS Info...
[2025-12-17 08:11:36] INFO: [1/9] Collecting CPU Metrics...
[2025-12-17 08:11:38] INFO: [2/9] Collecting Memory Metrics...
[2025-12-17 08:11:38] INFO: [6/9] Collecting Network Metrics (Speed)...
[2025-12-17 08:11:39] INFO: [7/9] Collecting System Info...
[2025-12-17 08:11:39] INFO: [8/9] Collecting Top Processes...
[2025-12-17 08:11:40] INFO: [3/9] Collecting GPU Metrics...
[2025-12-17 08:11:40] INFO: [4/9] Collecting Disk Metrics...
[2025-12-17 08:11:40] INFO: [5/9] Collecting SMART Status...
[2025-12-17 08:11:40] INFO: [9/9] Checking Alerts...
[2025-12-17 08:11:40] WARNING: High Disk Usage: 97%
[2025-12-17 08:11:46] INFO: [4/9] Collecting ROM/BIOS Info...
[2025-12-17 08:11:47] INFO: [1/9] Collecting CPU Metrics...
[2025-12-17 08:11:49] INFO: [2/9] Collecting Memory Metrics...
[2025-12-17 08:11:49] INFO: [6/9] Collecting Network Metrics (Speed)...
[2025-12-17 08:11:50] INFO: [7/9] Collecting System Info...
[2025-12-17 08:11:50] INFO: [8/9] Collecting Top Processes...
[2025-12-17 08:11:51] INFO: [3/9] Collecting GPU Metrics...
[2025-12-17 08:11:51] INFO: [4/9] Collecting Disk Metrics...
[2025-12-17 08:11:51] INFO: [5/9] Collecting SMART Status...
[2025-12-17 08:11:51] INFO: [9/9] Checking Alerts...
[2025-12-17 08:11:51] WARNING: High Disk Usage: 97%
[2025-12-17 08:11:57] INFO: [4/9] Collecting ROM/BIOS Info...
[2025-12-17 08:11:58] INFO: [1/9] Collecting CPU Metrics...
[2025-12-17 08:11:59] INFO: [2/9] Collecting Memory Metrics...
[2025-12-17 08:12:00] INFO: [6/9] Collecting Network Metrics (Speed)...
[2025-12-17 08:12:01] INFO: [7/9] Collecting System Info...
[2025-12-17 08:12:01] INFO: [8/9] Collecting Top Processes...
[2025-12-17 08:12:02] INFO: [3/9] Collecting GPU Metrics...
[2025-12-17 08:12:02] INFO: [4/9] Collecting Disk Metrics...
[2025-12-17 08:12:02] INFO: [5/9] Collecting SMART Status...
[2025-12-17 08:12:02] INFO: [9/9] Checking Alerts...
[2025-12-17 08:12:02] WARNING: High Disk Usage: 97%
[2025-12-17 08:12:08] INFO: [4/9] Collecting ROM/BIOS Info...
[2025-12-17 08:12:09] INFO: [1/9] Collecting CPU Metrics...
[2025-12-17 08:12:10] INFO: [2/9] Collecting Memory Metrics...
[2025-12-17 08:12:10] INFO: [6/9] Collecting Network Metrics (Speed)...
[2025-12-17 08:12:12] INFO: [7/9] Collecting System Info...
[2025-12-17 08:12:12] INFO: [8/9] Collecting Top Processes...
[2025-12-17 08:12:12] INFO: [3/9] Collecting GPU Metrics...
[2025-12-17 08:12:13] INFO: [4/9] Collecting Disk Metrics...
[2025-12-17 08:12:13] INFO: [5/9] Collecting SMART Status...
[2025-12-17 08:12:13] INFO: [9/9] Checking Alerts...
[2025-12-17 08:12:13] WARNING: High Disk Usage: 97%
[2025-12-17 08:12:19] INFO: [4/9] Collecting ROM/BIOS Info...
[2025-12-17 08:12:19] INFO: [1/9] Collecting CPU Metrics...
[2025-12-17 08:12:21] INFO: [2/9] Collecting Memory Metrics...
[2025-12-17 08:12:21] INFO: [6/9] Collecting Network Metrics (Speed)...
[2025-12-17 08:12:23] INFO: [7/9] Collecting System Info...
[2025-12-17 08:12:23] INFO: [8/9] Collecting Top Processes...
[2025-12-17 08:12:23] INFO: [3/9] Collecting GPU Metrics...
[2025-12-17 08:12:23] INFO: [4/9] Collecting Disk Metrics...
[2025-12-17 08:12:24] INFO: [5/9] Collecting SMART Status...
[2025-12-17 08:12:24] INFO: [9/9] Checking Alerts...
[2025-12-17 08:12:24] WARNING: High Disk Usage: 97%
[2025-12-17 08:12:30] INFO: [4/9] Collecting ROM/BIOS Info...
[2025-12-17 08:12:30] INFO: [1/9] Collecting CPU Metrics...
[2025-12-17 08:12:32] INFO: [2/9] Collecting Memory Metrics...
[2025-12-17 08:12:32] INFO: [6/9] Collecting Network Metrics (Speed)...
[2025-12-17 08:12:34] INFO: [7/9] Collecting System Info...
[2025-12-17 08:12:34] INFO: [8/9] Collecting Top Processes...
[2025-12-17 08:12:34] INFO: [3/9] Collecting GPU Metrics...
[2025-12-17 08:12:34] INFO: [4/9] Collecting Disk Metrics...
[2025-12-17 08:12:34] INFO: [5/9] Collecting SMART Status...
[2025-12-17 08:12:34] INFO: [9/9] Checking Alerts...
[2025-12-17 08:12:34] WARNING: High Disk Usage: 97%
[2025-12-17 08:12:41] INFO: [4/9] Collecting ROM/BIOS Info...
[2025-12-17 08:12:41] INFO: [1/9] Collecting CPU Metrics...
[2025-12-17 08:12:43] INFO: [2/9] Collecting Memory Metrics...
[2025-12-17 08:12:43] INFO: [6/9] Collecting Network Metrics (Speed)...
[2025-12-17 08:12:44] INFO: [7/9] Collecting System Info...
[2025-12-17 08:12:44] INFO: [8/9] Collecting Top Processes...
[2025-12-17 08:12:45] INFO: [3/9] Collecting GPU Metrics...
[2025-12-17 08:12:45] INFO: [4/9] Collecting Disk Metrics...
[2025-12-17 08:12:45] INFO: [5/9] Collecting SMART Status...
[2025-12-17 08:12:45] INFO: [9/9] Checking Alerts...
[2025-12-17 08:12:45] WARNING: High Disk Usage: 97%
[2025-12-17 08:12:51] INFO: [4/9] Collecting ROM/BIOS Info...
[2025-12-17 08:12:52] INFO: [1/9] Collecting CPU Metrics...
[2025-12-17 08:12:54] INFO: [2/9] Collecting Memory Metrics...
[2025-12-17 08:12:54] INFO: [6/9] Collecting Network Metrics (Speed)...
[2025-12-17 08:12:55] INFO: [7/9] Collecting System Info...
[2025-12-17 08:12:55] INFO: [8/9] Collecting Top Processes...
[2025-12-17 08:12:56] INFO: [3/9] Collecting GPU Metrics...
[2025-12-17 08:12:56] INFO: [4/9] Collecting Disk Metrics...
[2025-12-17 08:12:56] INFO: [5/9] Collecting SMART Status...
[2025-12-17 08:12:56] INFO: [9/9] Checking Alerts...
[2025-12-17 08:12:56] WARNING: High Disk Usage: 97%
[2025-12-17 08:13:02] INFO: [4/9] Collecting ROM/BIOS Info...
[2025-12-17 08:13:03] INFO: [1/9] Collecting CPU Metrics...
[2025-12-17 08:13:05] INFO: [2/9] Collecting Memory Metrics...
[2025-12-17 08:13:05] INFO: [6/9] Collecting Network Metrics (Speed)...
[2025-12-17 08:13:06] INFO: [7/9] Collecting System Info...
[2025-12-17 08:13:06] INFO: [8/9] Collecting Top Processes...
[2025-12-17 08:13:07] INFO: [3/9] Collecting GPU Metrics...
[2025-12-17 08:13:07] INFO: [4/9] Collecting Disk Metrics...
[2025-12-17 08:13:07] INFO: [5/9] Collecting SMART Status...
[2025-12-17 08:13:07] INFO: [9/9] Checking Alerts...
[2025-12-17 08:13:07] WARNING: High Disk Usage: 97%
[2025-12-17 08:13:13] INFO: [4/9] Collecting ROM/BIOS Info...
[2025-12-17 08:13:14] INFO: [1/9] Collecting CPU Metrics...
[2025-12-17 08:13:15] INFO: [2/9] Collecting Memory Metrics...
[2025-12-17 08:13:16] INFO: [6/9] Collecting Network Metrics (Speed)...
[2025-12-17 08:13:17] INFO: [7/9] Collecting System Info...
[2025-12-17 08:13:17] INFO: [8/9] Collecting Top Processes...
[2025-12-17 08:13:18] INFO: [3/9] Collecting GPU Metrics...
[2025-12-17 08:13:18] INFO: [4/9] Collecting Disk Metrics...
[2025-12-17 08:13:18] INFO: [5/9] Collecting SMART Status...
[2025-12-17 08:13:18] INFO: [9/9] Checking Alerts...
[2025-12-17 08:13:18] WARNING: High Disk Usage: 97%
[2025-12-17 08:13:24] INFO: [4/9] Collecting ROM/BIOS Info...
[2025-12-17 08:13:25] INFO: [1/9] Collecting CPU Metrics...
[2025-12-17 08:13:26] INFO: [2/9] Collecting Memory Metrics...
[2025-12-17 08:13:26] INFO: [6/9] Collecting Network Metrics (Speed)...
[2025-12-17 08:13:28] INFO: [7/9] Collecting System Info...
[2025-12-17 08:13:28] INFO: [8/9] Collecting Top Processes...
[2025-12-17 08:13:28] INFO: [3/9] Collecting GPU Metrics...
[2025-12-17 08:13:29] INFO: [4/9] Collecting Disk Metrics...
[2025-12-17 08:13:29] INFO: [5/9] Collecting SMART Status...
[2025-12-17 08:13:29] INFO: [9/9] Checking Alerts...
[2025-12-17 08:13:29] WARNING: High Disk Usage: 97%
[2025-12-17 08:13:35] INFO: [4/9] Collecting ROM/BIOS Info...
[2025-12-17 08:13:36] INFO: [1/9] Collecting CPU Metrics...
[2025-12-17 08:13:37] INFO: [2/9] Collecting Memory Metrics...
[2025-12-17 08:13:37] INFO: [6/9] Collecting Network Metrics (Speed)...
[2025-12-17 08:13:39] INFO: [7/9] Collecting System Info...
[2025-12-17 08:13:39] INFO: [8/9] Collecting Top Processes...
[2025-12-17 08:13:39] INFO: [3/9] Collecting GPU Metrics...
[2025-12-17 08:13:39] INFO: [4/9] Collecting Disk Metrics...
[2025-12-17 08:13:39] INFO: [5/9] Collecting SMART Status...
[2025-12-17 08:13:39] INFO: [9/9] Checking Alerts...
[2025-12-17 08:13:39] WARNING: High Disk Usage: 97%
[2025-12-17 08:13:45] INFO: [4/9] Collecting ROM/BIOS Info...
[2025-12-17 08:13:45] INFO: [1/9] Collecting CPU Metrics...
[2025-12-17 08:13:47] INFO: [2/9] Collecting Memory Metrics...
[2025-12-17 08:13:47] INFO: [6/9] Collecting Network Metrics (Speed)...
[2025-12-17 08:13:49] INFO: [7/9] Collecting System Info...
[2025-12-17 08:13:49] INFO: [8/9] Collecting Top Processes...
[2025-12-17 08:13:49] INFO: [3/9] Collecting GPU Metrics...
[2025-12-17 08:13:49] INFO: [4/9] Collecting Disk Metrics...
[2025-12-17 08:13:50] INFO: [5/9] Collecting SMART Status...
[2025-12-17 08:13:50] INFO: [9/9] Checking Alerts...
[2025-12-17 08:13:50] WARNING: High Disk Usage: 97%
[2025-12-17 08:13:56] INFO: [4/9] Collecting ROM/BIOS Info...
[2025-12-17 08:13:56] INFO: [1/9] Collecting CPU Metrics...
[2025-12-17 08:13:58] INFO: [2/9] Collecting Memory Metrics...
[2025-12-17 08:13:58] INFO: [6/9] Collecting Network Metrics (Speed)...
[2025-12-17 08:14:00] INFO: [7/9] Collecting System Info...
[2025-12-17 08:14:00] INFO: [8/9] Collecting Top Processes...
[2025-12-17 08:14:00] INFO: [3/9] Collecting GPU Metrics...
[2025-12-17 08:14:01] INFO: [4/9] Collecting Disk Metrics...
[2025-12-17 08:14:01] INFO: [5/9] Collecting SMART Status...
[2025-12-17 08:14:01] INFO: [9/9] Checking Alerts...
[2025-12-17 08:14:01] WARNING: High Disk Usage: 97%
[2025-12-17 08:14:07] INFO: [4/9] Collecting ROM/BIOS Info...
[2025-12-17 08:14:08] INFO: [1/9] Collecting CPU Metrics...
[2025-12-17 08:14:09] INFO: [2/9] Collecting Memory Metrics...
[2025-12-17 08:14:09] INFO: [6/9] Collecting Network Metrics (Speed)...
[2025-12-17 08:14:11] INFO: [7/9] Collecting System Info...
[2025-12-17 08:14:11] INFO: [8/9] Collecting Top Processes...
[2025-12-17 08:14:12] INFO: [3/9] Collecting GPU Metrics...
[2025-12-17 08:14:12] INFO: [4/9] Collecting Disk Metrics...
[2025-12-17 08:14:12] INFO: [5/9] Collecting SMART Status...
[2025-12-17 08:14:12] INFO: [9/9] Checking Alerts...
[2025-12-17 08:14:12] WARNING: High Disk Usage: 97%
[2025-12-17 08:14:18] INFO: [4/9] Collecting ROM/BIOS Info...
[2025-12-17 08:14:19] INFO: [1/9] Collecting CPU Metrics...
[2025-12-17 08:14:20] INFO: [2/9] Collecting Memory Metrics...
[2025-12-17 08:14:21] INFO: [6/9] Collecting Network Metrics (Speed)...
[2025-12-17 08:14:22] INFO: [7/9] Collecting System Info...
[2025-12-17 08:14:22] INFO: [8/9] Collecting Top Processes...
[2025-12-17 08:14:23] INFO: [3/9] Collecting GPU Metrics...
[2025-12-17 08:14:23] INFO: [4/9] Collecting Disk Metrics...
[2025-12-17 08:14:23] INFO: [5/9] Collecting SMART Status...
[2025-12-17 08:14:23] INFO: [9/9] Checking Alerts...
[2025-12-17 08:14:23] WARNING: High Disk Usage: 97%
[2025-12-17 08:14:29] INFO: [4/9] Collecting ROM/BIOS Info...
[2025-12-17 08:14:30] INFO: [1/9] Collecting CPU Metrics...
[2025-12-17 08:14:32] INFO: [2/9] Collecting Memory Metrics...
[2025-12-17 08:14:32] INFO: [6/9] Collecting Network Metrics (Speed)...
[2025-12-17 08:14:33] INFO: [7/9] Collecting System Info...
[2025-12-17 08:14:33] INFO: [8/9] Collecting Top Processes...
[2025-12-17 08:14:34] INFO: [3/9] Collecting GPU Metrics...
[2025-12-17 08:14:34] INFO: [4/9] Collecting Disk Metrics...
[2025-12-17 08:14:34] INFO: [5/9] Collecting SMART Status...
[2025-12-17 08:14:34] INFO: [9/9] Checking Alerts...
[2025-12-17 08:14:34] WARNING: High Disk Usage: 97%
[2025-12-17 08:14:41] INFO: [4/9] Collecting ROM/BIOS Info...
[2025-12-17 08:14:41] INFO: [1/9] Collecting CPU Metrics...
[2025-12-17 08:14:43] INFO: [2/9] Collecting Memory Metrics...
[2025-12-17 08:14:43] INFO: [6/9] Collecting Network Metrics (Speed)...
[2025-12-17 08:14:44] INFO: [7/9] Collecting System Info...
[2025-12-17 08:14:44] INFO: [8/9] Collecting Top Processes...
[2025-12-17 08:14:45] INFO: [3/9] Collecting GPU Metrics...
[2025-12-17 08:14:45] INFO: [4/9] Collecting Disk Metrics...
[2025-12-17 08:14:45] INFO: [5/9] Collecting SMART Status...
[2025-12-17 08:14:45] INFO: [9/9] Checking Alerts...
[2025-12-17 08:14:45] WARNING: High Disk Usage: 97%
